0.000254768 0.000517261 0.000842376 0.00105938
0.000503747 0.00102153 0.00164166 0.00205938
0.000752592 0.00152554 0.00244086 0.00305938
0.00100169 0.0020297 0.00324027 0.00405938
0.00125097 0.00253355 0.00403931 0.00505938
0.0015011 0.00303772 0.00483812 0.00605938
0.00175215 0.00354301 0.00563742 0.00705938
0.00200344 0.00404877 0.00643704 0.00805938
0.0022558 0.00455645 0.00723793 0.00905938
0.00250859 0.00506492 0.00803931 0.0100594
0.00275602 0.00556341 0.00883403 0.0110594
0.00299711 0.00605015 0.00962093 0.0120594
0.00323438 0.00652952 0.0104028 0.0130594
0.00347001 0.00700586 0.0111827 0.0140594
0.00370105 0.00747364 0.0119568 0.0150594
0.00393092 0.00793922 0.0127294 0.0160594
0.00416067 0.00840477 0.0135022 0.0170594
0.0043888 0.00887022 0.0142763 0.0180594
0.00461678 0.0093358 0.0150509 0.0190594
0.0048415 0.00980086 0.0158274 0.0200594
0.00506336 0.0102618 0.016602 0.0210594
0.00527846 0.0107146 0.017375 0.0220594
0.0054861 0.0111553 0.0181415 0.0230594
0.00569181 0.0115947 0.01891 0.0240594
0.00589275 0.0120324 0.0196808 0.0250594
0.00608359 0.0124704 0.0204536 0.0260594
0.00626309 0.0128995 0.0212235 0.0270594
0.00643568 0.0133245 0.0219979 0.0280594
0.00659756 0.013726 0.02278 0.0290594
0.00675859 0.0141226 0.0235749 0.0300594
0.00690707 0.014497 0.0243874 0.0310594
0.00702988 0.0148129 0.0252129 0.0320594
0.00716037 0.0151389 0.0260429 0.0330594
0.00729514 0.0154709 0.0268698 0.0340594
0.00744012 0.0158146 0.0276962 0.0350594
0.00759496 0.0161771 0.0285299 0.0360594
0.00774911 0.0165348 0.0293674 0.0370594
0.00790487 0.0168918 0.0302035 0.0380594
0.00806712 0.0172554 0.0310383 0.0390594
0.00822459 0.0176174 0.0318678 0.0400594
0.00835346 0.017932 0.0327166 0.0410594
0.00847981 0.0182609 0.0335792 0.0420594
0.00860658 0.0185916 0.0344454 0.0430594
0.0087273 0.0189455 0.0353181 0.0440594
0.00884912 0.0193134 0.0361914 0.0450594
0.00896424 0.0196683 0.0370643 0.0460594
0.00905923 0.0199556 0.0379274 0.0470594
0.00913707 0.0201889 0.0387924 0.0480594
0.00918449 0.0203399 0.0397061 0.0490594
0.00920278 0.0204087 0.0406708 0.0500594
0.00922105 0.0204775 0.041635 0.0510594
0.00923932 0.0205463 0.042599 0.0520594
0.00925758 0.020615 0.043563 0.0530594
0.00927645 0.0206854 0.044527 0.0540594
0.00929556 0.0207564 0.0454902 0.0550594
0.00931466 0.0208273 0.0464532 0.0560594
0.00933376 0.0208983 0.0474162 0.0570594
0.00935286 0.0209692 0.0483792 0.0580594
0.00937228 0.0210406 0.0493422 0.0590594
0.00939191 0.0211122 0.0503052 0.0600594
0.00941151 0.0211838 0.0512679 0.0610594
0.00943109 0.0212553 0.0522296 0.0620594
0.00945066 0.0213268 0.0531913 0.0630594
0.00947023 0.0213983 0.054153 0.0640594
0.0094898 0.0214698 0.0551147 0.0650594
0.00950936 0.0215413 0.0560764 0.0660594
0.00952893 0.0216128 0.0570381 0.0670594
0.0095485 0.0216843 0.0579997 0.0680594
0.00956807 0.0217557 0.0589614 0.0690594
0.00958763 0.0218272 0.0599231 0.0700594
0.0096072 0.0218987 0.0608848 0.0710594
0.00962676 0.0219702 0.0618462 0.0720594
0.00964631 0.0220416 0.0628075 0.0730594
0.00966586 0.022113 0.0637688 0.0740594
0.00968541 0.0221844 0.0647301 0.0750594
0.00970495 0.0222558 0.0656913 0.0760594
0.0097245 0.0223273 0.0666526 0.0770594
0.00974405 0.0223987 0.0676139 0.0780594
0.00976417 0.0224709 0.0685752 0.0790594
0.00978452 0.0225436 0.0695365 0.0800594
0.00979727 0.0225966 0.070502 0.0810594
0.00980944 0.0226479 0.0714677 0.0820594
0.00981399 0.0226781 0.0724428 0.0830594
0.00981531 0.0226986 0.0734206 0.0840594
0.00981216 0.0227001 0.0744048 0.0850594
0.00980623 0.0226921 0.075395 0.0860594
0.00979901 0.022681 0.0763899 0.0870594
0.00978986 0.0226657 0.0773897 0.0880594
0.00977952 0.0226476 0.0783905 0.0890594
0.00976706 0.0226246 0.079393 0.0900594
0.00975204 0.0225962 0.0803991 0.0910594
0.00973455 0.0225624 0.0814079 0.0920594
0.00971607 0.0225267 0.0824182 0.0930594
0.00969636 0.0224885 0.0834301 0.0940594
0.00967565 0.0224482 0.0844432 0.0950594
0.00965494 0.022408 0.0854563 0.0960594
0.00963423 0.0223677 0.0864694 0.0970594
0.00961351 0.0223275 0.0874824 0.0980594
0.00959168 0.0222849 0.0884966 0.0990594
0.00956535 0.0222329 0.0895141 0.100059
0.00953573 0.0221741 0.0905341 0.101059
0.00950457 0.0221118 0.0915553 0.102059
0.00947342 0.0220496 0.0925764 0.103059
0.00944097 0.0219848 0.0935995 0.104059
0.00940801 0.0219189 0.0946234 0.105059
0.00937483 0.0218526 0.0956475 0.106059
0.00933547 0.0217733 0.0966769 0.107059
0.00929353 0.0216888 0.0977095 0.108059
0.00924369 0.0215875 0.0987497 0.109059
0.00917937 0.0214556 0.0998052 0.110059
0.00910317 0.0212972 0.10087 0.111059
0.00902202 0.0211285 0.10194 0.112059
0.00893386 0.020945 0.103016 0.113059
0.00884288 0.0207552 0.104094 0.114059
0.00875191 0.0205653 0.105172 0.115059
0.00865394 0.0203607 0.106257 0.116059
0.00855271 0.0201493 0.107344 0.117059
0.00844596 0.0199256 0.108435 0.118059
0.00833066 0.0196836 0.109535 0.119059
0.00821449 0.01944 0.110636 0.120059
0.00809833 0.0191963 0.111738 0.121059
0.00798218 0.0189527 0.11284 0.122059
0.00786602 0.018709 0.113941 0.123059
0.00774987 0.0184653 0.115043 0.124059
0.00763372 0.0182217 0.116144 0.125059
0.00751757 0.0179781 0.117245 0.126059
0.00740142 0.0177344 0.118347 0.127059
0.00728528 0.0174908 0.119448 0.128059
0.00716914 0.0172472 0.12055 0.129059
0.007053 0.0170035 0.121651 0.130059
0.00693686 0.0167599 0.122753 0.131059
0.00682072 0.0165163 0.123854 0.132059
0.00670459 0.0162727 0.124956 0.133059
0.00658846 0.0160291 0.126057 0.134059
0.00647233 0.0157855 0.127159 0.135059
0.00635621 0.0155419 0.12826 0.136059
0.00624006 0.0152983 0.129362 0.137059
0.00612391 0.0150546 0.130464 0.138059
0.00600281 0.0147996 0.131569 0.139059
0.00587921 0.0145394 0.132677 0.140059
0.00575231 0.0142725 0.13379 0.141059
0.00562542 0.0140056 0.134903 0.142059
0.00549853 0.0137387 0.136016 0.143059
0.00537165 0.0134718 0.137129 0.144059
0.00524476 0.0132049 0.138242 0.145059
0.00511788 0.012938 0.139355 0.146059
0.00499081 0.0126706 0.140468 0.147059
0.00486354 0.0124029 0.141582 0.148059
0.00473628 0.0121352 0.142695 0.149059
0.00460902 0.0118675 0.143808 0.150059
0.00448173 0.0115997 0.144922 0.151059
0.00435444 0.0113319 0.146035 0.152059
0.00422715 0.0110641 0.147149 0.153059
0.00409666 0.0107878 0.148265 0.154059
0.00396372 0.0105018 0.149382 0.155059
0.00382986 0.0102083 0.150501 0.156059
0.00369562 0.00991216 0.15162 0.157059
0.00356131 0.00961555 0.152739 0.158059
0.00342665 0.00931709 0.153858 0.159059
0.00329056 0.00901612 0.154977 0.160059
