0.0002743 0.000427938 0.000571649 0.000540132
0.000611401 0.00100853 0.00141802 0.00154013
0.000948861 0.00158972 0.00226482 0.00254013
0.00128697 0.00217159 0.00311182 0.00354013
0.00162572 0.00275365 0.00395846 0.00454013
0.00196495 0.00333653 0.00480542 0.00554013
0.0023065 0.0039237 0.00565405 0.00654013
0.00264621 0.00451176 0.00650411 0.00754013
0.00298605 0.00509782 0.00735293 0.00854013
0.00332424 0.00568235 0.00820185 0.00954013
0.00365899 0.00626686 0.00905229 0.0105401
0.00398737 0.0068516 0.00990701 0.0115401
0.0043068 0.00743115 0.0107647 0.0125401
0.00462331 0.00801706 0.0116274 0.0135401
0.00493963 0.00860798 0.0124947 0.0145401
0.00525751 0.00920522 0.0133644 0.0155401
0.00556838 0.00979959 0.0142397 0.0165401
0.00587361 0.0103882 0.0151192 0.0175401
0.00617563 0.0109718 0.0159972 0.0185401
0.00649013 0.0115612 0.0168799 0.0195401
0.0067994 0.0121433 0.0177589 0.0205401
0.00711341 0.0127303 0.0186414 0.0215401
0.00742574 0.0133125 0.0195242 0.0225401
0.00772762 0.0138823 0.020412 0.0235401
0.00802212 0.0144493 0.0213053 0.0245401
0.00831975 0.0150208 0.0222018 0.0255401
0.00860833 0.0155725 0.023104 0.0265401
0.00891508 0.0161366 0.0240129 0.0275401
0.00922638 0.0166977 0.0249221 0.0285401
0.00953835 0.0172649 0.0258357 0.0295401
0.00982047 0.0177916 0.0267607 0.0305401
0.0100574 0.0182452 0.0277007 0.0315401
0.0102742 0.0186756 0.0286536 0.0325401
0.0104879 0.0191058 0.0296088 0.0335401
0.0107027 0.019519 0.0305693 0.0345401
0.0108646 0.0198346 0.0315378 0.0355401
0.0110295 0.0201533 0.0325062 0.0365401
0.0111208 0.0203277 0.0334866 0.0375401
0.0111563 0.0203924 0.034476 0.0385401
0.0111946 0.0204605 0.0354654 0.0395401
0.0112338 0.0205296 0.0364548 0.0405401
0.0112731 0.0205988 0.0374441 0.0415401
0.0113123 0.0206679 0.0384335 0.0425401
0.0113516 0.020737 0.0394229 0.0435401
0.0113927 0.0208083 0.0404124 0.0445401
0.0114407 0.0208881 0.0414018 0.0455401
0.0114909 0.020971 0.0423911 0.0465401
0.0115415 0.0210544 0.0433805 0.0475401
0.0115921 0.0211378 0.0443698 0.0485401
0.0116428 0.0212212 0.0453592 0.0495401
0.0116934 0.0213046 0.0463486 0.0505401
0.0117443 0.0213882 0.0473379 0.0515401
0.0117963 0.0214729 0.0483273 0.0525401
0.0118488 0.0215583 0.0493167 0.0535401
0.0119029 0.0216455 0.050306 0.0545401
0.0119606 0.0217366 0.0512953 0.0555401
0.0120186 0.0218282 0.0522845 0.0565401
0.0120805 0.0219241 0.0532735 0.0575401
0.0121423 0.0220201 0.0542626 0.0585401
0.0122042 0.0221161 0.0552517 0.0595401
0.0122661 0.022212 0.0562408 0.0605401
0.012328 0.022308 0.0572299 0.0615401
0.0123899 0.022404 0.058219 0.0625401
0.0124518 0.0225 0.0592081 0.0635401
0.0125137 0.022596 0.0601972 0.0645401
0.0125755 0.0226919 0.0611863 0.0655401
0.0126374 0.0227879 0.0621754 0.0665401
0.0126993 0.0228839 0.0631645 0.0675401
0.0127613 0.0229799 0.0641536 0.0685401
0.0128242 0.0230807 0.0651428 0.0695401
0.0128887 0.0231881 0.066132 0.0705401
0.0129532 0.0232955 0.0671213 0.0715401
0.0130176 0.023403 0.0681106 0.0725401
0.0130821 0.0235104 0.0690999 0.0735401
0.0131518 0.0236241 0.0700892 0.0745401
0.0132151 0.0237279 0.0710791 0.0755401
0.0132678 0.0238154 0.0720697 0.0765401
0.0133169 0.0238977 0.0730607 0.0775401
0.0133605 0.0239719 0.0740521 0.0785401
0.0133962 0.0240338 0.0750442 0.0795401
0.013403 0.0240508 0.0760393 0.0805401
0.0134017 0.024054 0.0770369 0.0815401
0.0134005 0.0240572 0.0780345 0.0825401
0.0133991 0.0240599 0.0790323 0.0835401
0.0133925 0.0240503 0.0800332 0.0845401
0.0133827 0.0240349 0.0810367 0.0855401
0.013373 0.0240195 0.0820401 0.0865401
0.0133633 0.024004 0.0830436 0.0875401
0.0133528 0.0239872 0.084048 0.0885401
0.0133359 0.0239581 0.0850558 0.0895401
0.0133142 0.0239204 0.0860658 0.0905401
0.01329 0.0238785 0.0870768 0.0915401
0.0132628 0.0238312 0.088089 0.0925401
0.0132312 0.0237749 0.0891029 0.0935401
0.013198 0.023716 0.0901174 0.0945401
0.0131649 0.023657 0.0911319 0.0955401
0.0131305 0.0235959 0.0921469 0.0965401
0.0130925 0.0235286 0.0931635 0.0975401
0.0130528 0.0234582 0.0941809 0.0985401
0.0130099 0.0233819 0.0951996 0.0995401
0.0129656 0.0233033 0.0962189 0.10054
0.0129212 0.0232247 0.0972382 0.10154
0.0128769 0.0231461 0.0982574 0.10254
0.0128326 0.0230674 0.0992767 0.10354
0.0127861 0.0229851 0.100297 0.10454
0.0127384 0.0229006 0.101318 0.10554
0.0126882 0.0228116 0.10234 0.10654
0.0126371 0.0227208 0.103362 0.10754
0.0125849 0.0226282 0.104384 0.10854
0.0125292 0.0225296 0.105409 0.10954
0.0124735 0.0224309 0.106433 0.11054
0.0124088 0.0223164 0.107461 0.11154
0.0123341 0.0221839 0.108494 0.11254
0.0122554 0.0220442 0.109528 0.11354
0.0121678 0.0218878 0.110566 0.11454
0.0120772 0.0217256 0.111605 0.11554
0.011985 0.0215608 0.112644 0.11654
0.011887 0.0213858 0.113686 0.11754
0.0117831 0.0212001 0.11473 0.11854
0.0116783 0.0210129 0.115775 0.11954
0.0115735 0.0208256 0.11682 0.12054
0.0114688 0.0206383 0.117864 0.12154
0.011364 0.020451 0.118909 0.12254
0.0112592 0.0202637 0.119953 0.12354
0.0111545 0.0200764 0.120998 0.12454
0.0110497 0.0198891 0.122043 0.12554
0.0109449 0.0197018 0.123087 0.12654
0.0108401 0.0195145 0.124132 0.12754
0.0107341 0.0193251 0.125177 0.12854
0.0106275 0.0191345 0.126223 0.12954
0.0105208 0.018944 0.127268 0.13054
0.0104142 0.0187534 0.128313 0.13154
0.0103075 0.0185628 0.129359 0.13254
0.0102009 0.0183722 0.130404 0.13354
0.0100942 0.0181817 0.13145 0.13454
0.00998758 0.0179911 0.132495 0.13554
0.00988089 0.0178004 0.133541 0.13654
0.0097742 0.0176098 0.134586 0.13754
0.00966677 0.0174178 0.135632 0.13854
0.0095579 0.0172231 0.136679 0.13954
0.00944904 0.0170284 0.137725 0.14054
0.00934017 0.0168337 0.138772 0.14154
0.00923129 0.016639 0.139818 0.14254
0.00912242 0.0164443 0.140865 0.14354
0.00901354 0.0162496 0.141911 0.14454
0.00890465 0.0160549 0.142958 0.14554
0.00879576 0.0158602 0.144004 0.14654
0.00868683 0.0156653 0.145051 0.14754
0.00857622 0.0154665 0.146098 0.14854
0.00846479 0.0152659 0.147146 0.14954
0.00835335 0.0150652 0.148193 0.15054
0.00824191 0.0148646 0.149241 0.15154
0.00813039 0.0146636 0.150288 0.15254
0.00801886 0.0144626 0.151336 0.15354
0.00790733 0.0142617 0.152384 0.15454
0.00779579 0.0140607 0.153431 0.15554
0.00768425 0.0138597 0.154479 0.15654
0.00757271 0.0136587 0.155526 0.15754
0.00746105 0.0134572 0.156574 0.15854
0.00734938 0.0132558 0.157622 0.15954
0.00723722 0.013052 0.15867 0.16054
0.00712501 0.0128481 0.159718 0.16154
0.00700878 0.0126383 0.160766 0.16254
0.0068915 0.0124264 0.161814 0.16354
0.0067708 0.0122097 0.162862 0.16454
0.00664927 0.0119916 0.163911 0.16554
0.00652462 0.0117682 0.164959 0.16654
0.00639873 0.011543 0.166008 0.16754
0.00627284 0.0113177 0.167056 0.16854
0.00614655 0.0110914 0.168105 0.16954
0.00601947 0.0108631 0.169154 0.17054
0.00589201 0.0106343 0.170204 0.17154
0.0057633 0.010404 0.171253 0.17254
0.0056346 0.0101737 0.172302 0.17354
