1.79617 -0.525785 -0.80856 -0.783861 -0.388213 -5.57398 -0.100531 0.586415 0.203807 0.177992 -0.869194 -2.45488 -2.90897 -3.38084 -2.3272 -3.04773 -4.77851 -5.6569 -5.39613 -3.78008
0.139925 -1.35856 -1.62427 -1.66718 -1.08967 -9.71521 -2.88517 -1.5299 -1.83563 -1.66469 -2.72065 -5.52403 -6.36463 -7.37567 -5.30369 -3.72122 -6.17908 -7.45667 -7.2413 -4.93467
-1.51951 -2.19341 -2.44203 -2.55279 -1.79287 -13.8596 -5.67244 -3.64811 -3.87674 -3.50871 -4.57407 -8.59651 -9.8241 -11.3749 -8.28348 -4.39504 -7.58045 -9.25752 -9.08746 -6.08978
-3.18295 -3.03102 -3.26261 -3.44158 -2.49856 -18.0072 -8.46631 -5.77048 -5.9216 -5.35587 -6.43206 -11.6769 -13.2917 -15.3827 -11.2693 -5.07005 -8.98461 -11.0616 -10.9366 -7.24652
-4.85003 -3.87133 -4.08612 -4.33372 -3.207 -22.1546 -11.2686 -7.89756 -7.97064 -7.20658 -8.29562 -14.7677 -16.7693 -19.4002 -14.2614 -5.74658 -10.3926 -12.8698 -12.7891 -8.40508
-6.51674 -4.71297 -4.91189 -5.22848 -3.91879 -26.296 -14.0711 -10.0274 -10.0305 -9.06288 -10.1569 -17.8591 -20.2505 -23.2792 -17.2617 -6.4219 -11.8002 -14.6798 -14.6551 -9.56678
-8.18866 -5.56031 -5.74256 -6.13211 -4.63881 -30.4452 -16.8661 -12.1958 -12.0941 -10.9368 -12.0199 -20.7189 -23.757 -26.6652 -20.2865 -7.09837 -13.2282 -16.5012 -16.5771 -10.7397
-9.86562 -6.40459 -6.57109 -7.02714 -5.35245 -34.6013 -19.6778 -14.3055 -14.1335 -12.7618 -13.8831 -23.2206 -26.9082 -30.5289 -23.0768 -7.77583 -14.6717 -18.3843 -18.5277 -11.9067
-11.5211 -7.24679 -7.40371 -7.93015 -6.07502 -38.7004 -22.4595 -16.3987 -16.1829 -14.6038 -15.725 -26.0598 -30.1954 -34.4203 -25.7093 -8.44481 -16.1619 -20.3105 -20.4937 -13.1204
-13.185 -8.08747 -8.23246 -8.82837 -6.79175 -42.8146 -25.2322 -18.4815 -18.2161 -16.429 -17.5746 -28.934 -33.4967 -38.2329 -28.5167 -9.1127 -17.6499 -22.2187 -22.4428 -14.3399
-14.8283 -8.91736 -9.05088 -9.71771 -7.50132 -46.8697 -27.969 -20.5397 -20.2232 -18.2292 -19.3962 -31.8487 -36.7957 -41.9802 -31.3037 -9.76941 -19.0973 -24.0832 -24.3626 -15.5397
-16.45 -9.69301 -9.85204 -10.5854 -8.19163 -50.8627 -30.1982 -22.5402 -22.1705 -19.9662 -21.1903 -34.6551 -39.9645 -45.5935 -33.959 -10.4164 -20.5132 -26.0278 -26.3352 -16.6991
-18.0272 -10.4408 -10.6299 -11.4268 -8.8612 -54.7359 -32.2624 -24.4723 -24.0524 -21.6447 -22.9355 -37.3489 -43.0085 -49.0718 -36.5177 -11.0393 -21.976 -27.9191 -28.2692 -17.8151
-19.5825 -11.1769 -11.3697 -12.2613 -9.50864 -58.552 -34.2517 -26.08 -25.9008 -23.159 -24.6554 -39.9741 -45.9199 -52.4784 -39.0289 -11.6443 -23.4132 -29.5377 -30.178 -18.9832
-21.1133 -11.9089 -12.1025 -13.0747 -10.1394 -62.3023 -36.2648 -27.6127 -27.4886 -24.4975 -26.3398 -42.5587 -48.6292 -55.8956 -41.5518 -12.236 -24.8235 -30.5177 -32.0757 -20.1684
-22.6109 -12.6367 -12.8387 -13.8976 -10.8186 -65.9674 -38.2749 -29.1444 -29.0662 -25.8512 -28.0327 -45.1165 -51.3341 -59.1238 -44.1126 -12.8234 -26.2199 -31.4581 -33.2573 -21.3647
-24.0677 -13.3443 -13.5564 -14.7058 -11.5203 -69.5318 -40.2136 -30.6251 -30.6339 -27.1583 -29.667 -47.5553 -53.9402 -62.1739 -46.5829 -13.3897 -27.4794 -32.3446 -34.1868 -22.5313
-25.5024 -14.0406 -14.2602 -15.4959 -12.2072 -73.0455 -42.1091 -32.0741 -32.167 -28.452 -31.0745 -49.7547 -56.4753 -65.1466 -48.9297 -13.9539 -28.1366 -33.1887 -35.0966 -23.2268
-26.8452 -14.7152 -14.9592 -16.29 -12.9077 -76.3306 -43.9396 -33.548 -33.7119 -29.7909 -32.3002 -51.876 -58.9751 -68.1353 -50.8882 -14.4918 -28.7703 -34.0195 -35.9532 -23.2872
-28.2566 -15.399 -15.6909 -17.1436 -13.2524 -78.861 -45.8193 -35.1146 -35.394 -31.2935 -33.4742 -54.0532 -61.6545 -71.4321 -51.3381 -15.0366 -29.4232 -34.9288 -36.9243 -23.3144
-29.9332 -16.0888 -16.4103 -18.0103 -13.5017 -79.8729 -47.7113 -36.653 -37.0134 -32.3324 -34.6671 -56.2434 -64.2822 -74.6102 -51.764 -15.7041 -30.0607 -35.7857 -37.8569 -23.3403
-31.4448 -16.7954 -17.1431 -18.9205 -13.7526 -80.2255 -49.6539 -38.2215 -38.6566 -32.6167 -35.9031 -58.4932 -66.9665 -77.8424 -52.1999 -16.39 -30.7173 -36.664 -38.8099 -23.3664
-32.9245 -17.4954 -17.8728 -19.8301 -13.7809 -80.5776 -51.5747 -39.7854 -40.3039 -32.906 -37.1111 -60.7185 -69.6453 -81.087 -52.6244 -17.0646 -31.3673 -37.5454 -39.7754 -23.3953
-34.3204 -18.1769 -18.6088 -20.7064 -13.7933 -80.7087 -53.4307 -41.2854 -41.8697 -33.1814 -38.289 -62.8713 -72.2152 -84.182 -53.0131 -17.7288 -32.0015 -38.3931 -40.6943 -23.4231
-34.9131 -18.8474 -19.3725 -21.4412 -13.8051 -81.0599 -55.2557 -42.7259 -43.351 -33.4531 -39.4793 -64.986 -74.6814 -87.1043 -53.356 -18.3906 -32.6257 -39.1973 -41.5431 -23.4485
-35.3925 -19.5153 -20.1447 -21.7216 -13.8172 -81.4403 -57.0826 -44.1834 -44.8619 -33.7288 -40.6491 -67.1016 -77.1782 -90.0845 -53.7535 -19.0347 -33.2525 -40.0182 -41.887 -23.4793
-35.8485 -20.1576 -20.8937 -21.9952 -13.8289 -81.8007 -58.8469 -45.599 -46.3473 -34.0045 -41.7591 -69.1454 -79.6224 -92.7374 -54.1543 -19.6468 -33.8697 -40.8461 -41.8982 -23.5115
-36.3436 -20.848 -21.6897 -22.2854 -13.8411 -82.2082 -60.802 -47.131 -47.9561 -34.4621 -42.2692 -71.4101 -82.3127 -93.2983 -54.6166 -19.9288 -34.5778 -41.7777 -41.9328 -23.5464
-36.867 -21.5581 -22.441 -22.3397 -13.8533 -82.6254 -62.8442 -48.705 -49.5637 -34.9569 -42.5451 -73.7752 -85.0849 -93.8947 -55.0979 -20.1629 -35.3383 -41.9763 -41.9918 -23.5827
-37.4643 -22.3282 -22.7065 -22.3509 -13.8653 -82.8837 -64.8872 -50.2698 -51.1545 -35.4453 -42.8265 -76.152 -87.8422 -94.4727 -55.7436 -20.4012 -36.099 -42.017 -42.0386 -23.6125
-38.0123 -23.0441 -22.9474 -22.3611 -13.8756 -83.1174 -66.7111 -51.6435 -52.5609 -35.8805 -43.0619 -78.2969 -90.2688 -94.9648 -56.4404 -20.5464 -36.8062 -42.05 -42.069 -23.6347
-38.481 -23.652 -23.1501 -22.3694 -13.8839 -83.3104 -68.2255 -52.7806 -53.7201 -36.2409 -43.2355 -80.0706 -92.2922 -95.3193 -57.0166 -20.5436 -37.445 -42.103 -42.1168 -23.6552
-38.9349 -24.0982 -23.3347 -22.3768 -13.8914 -83.5792 -69.5585 -53.8671 -54.8422 -36.5709 -43.4669 -81.6261 -93.2101 -95.603 -57.5405 -20.5412 -38.0007 -42.144 -42.1629 -23.6742
-39.3891 -24.282 -23.5168 -22.3836 -13.8988 -83.8665 -70.8603 -54.9351 -55.9843 -36.8999 -43.7589 -83.1505 -93.4745 -95.8611 -58.0549 -20.5386 -38.5452 -42.1748 -42.1953 -23.6916
-39.8439 -24.4648 -23.5571 -22.3904 -13.9063 -84.1565 -71.4694 -56.0383 -56.3458 -37.2356 -44.0508 -84.7365 -93.753 -96.1669 -58.5749 -20.536 -39.1558 -42.2501 -42.2652 -23.7124
-40.1323 -24.6043 -23.5639 -22.3955 -13.912 -84.4017 -71.6079 -56.8658 -56.6161 -37.4843 -44.2752 -85.8752 -93.9256 -96.374 -58.9594 -20.534 -39.7395 -42.3778 -42.3718 -23.7327
-40.153 -24.7479 -23.5706 -22.4007 -13.9176 -84.7498 -71.7595 -57.7123 -56.8885 -37.7327 -44.5101 -87.0657 -94.1083 -96.5867 -59.3434 -20.532 -40.3411 -42.5079 -42.4793 -23.7528
-40.1647 -24.8274 -23.5745 -22.4037 -13.9209 -84.9426 -71.8501 -58.1837 -57.0392 -37.8701 -44.6406 -87.7408 -94.2176 -96.7086 -59.5559 -20.5307 -40.6416 -42.5586 -42.5513 -23.7656
-40.1696 -24.8582 -23.5762 -22.405 -13.9223 -85.0172 -71.8926 -58.3714 -57.0976 -37.9235 -44.6917 -88.0195 -94.2711 -96.7681 -59.6388 -20.5301 -40.7426 -42.5689 -42.5615 -23.7698
-40.1748 -24.8915 -23.578 -22.4064 -13.9238 -85.0982 -71.9423 -58.4543 -57.1611 -37.9811 -44.747 -88.3273 -94.333 -96.8375 -59.7283 -20.5294 -40.8541 -42.582 -42.5745 -23.7745
-40.1801 -24.9255 -23.5798 -22.4078 -13.9253 -85.1813 -71.9945 -58.5028 -57.2263 -38.0402 -44.8037 -88.6446 -94.3977 -96.9101 -59.8201 -20.5287 -40.969 -42.5959 -42.5884 -23.7794
-40.1855 -24.9596 -23.5817 -22.4093 -13.9268 -85.2644 -72.0466 -58.5513 -57.2914 -38.0993 -44.8604 -88.9619 -94.4624 -96.9827 -59.9119 -20.5281 -41.0839 -42.6099 -42.6023 -23.7844
-40.1908 -24.9936 -23.5835 -22.4107 -13.9283 -85.3475 -72.0987 -58.5998 -57.3565 -38.1583 -44.9172 -89.2792 -94.5272 -97.0553 -60.0036 -20.5274 -41.1989 -42.6239 -42.6162 -23.7893
-40.1962 -25.0277 -23.5853 -22.4122 -13.9299 -85.4306 -72.1509 -58.6483 -57.4217 -38.2174 -44.9739 -89.5966 -94.5919 -97.1279 -60.0954 -20.5267 -41.3138 -42.6378 -42.63 -23.7942
-40.2016 -25.0637 -23.5873 -22.4136 -13.9314 -85.5059 -72.2083 -58.7 -57.4892 -38.278 -45.0352 -89.8745 -94.6624 -97.2054 -60.1896 -20.526 -41.4373 -42.6536 -42.6453 -23.7997
-40.208 -25.1071 -23.5894 -22.4153 -13.9332 -85.5863 -72.2855 -58.7743 -57.5662 -38.3451 -45.1129 -89.9644 -94.7529 -97.2999 -60.2937 -20.5252 -41.5909 -42.6751 -42.6647 -23.8071
-40.2145 -25.1518 -23.5916 -22.4169 -13.935 -85.668 -72.3658 -58.8575 -57.6489 -38.3536 -45.1919 -90.0576 -94.8486 -97.4022 -60.4043 -20.5244 -41.7491 -42.6981 -42.686 -23.816
-40.221 -25.1967 -23.5939 -22.4186 -13.9368 -85.75 -72.4468 -58.9415 -57.7327 -38.3505 -45.2711 -90.1516 -94.9457 -97.5064 -60.5162 -20.5236 -41.9085 -42.7213 -42.7078 -23.8253
-40.2275 -25.2417 -23.5962 -22.4203 -13.9386 -85.8319 -72.5278 -59.0255 -57.8166 -38.3473 -45.3503 -90.2456 -95.0427 -97.6105 -60.6281 -20.5227 -42.0678 -42.7446 -42.7295 -23.8346
-40.2341 -25.2867 -23.5984 -22.422 -13.9404 -85.9139 -72.6088 -59.1095 -57.9004 -38.3441 -45.4296 -90.3396 -95.1398 -97.7146 -60.74 -20.5219 -42.2272 -42.7679 -42.7513 -23.8439
-40.2406 -25.3317 -23.6007 -22.4237 -13.9422 -85.9958 -72.6899 -59.1935 -57.9843 -38.341 -45.5088 -90.4337 -95.2369 -97.8188 -60.8519 -20.5211 -42.3866 -42.7912 -42.773 -23.8532
-40.2472 -25.3768 -23.603 -22.4254 -13.9441 -86.0779 -72.7715 -59.278 -58.0687 -38.3378 -45.5882 -90.5285 -95.3353 -97.9248 -60.9644 -20.5202 -42.5468 -42.815 -42.796 -23.8532
-40.2539 -25.3966 -23.6053 -22.4272 -13.9459 -86.1622 -72.8556 -59.3641 -58.1546 -38.3345 -45.6696 -90.6265 -95.4368 -98.034 -61.0786 -20.5194 -42.7113 -42.8398 -42.82 -23.8498
-40.2607 -25.3999 -23.6076 -22.4289 -13.9478 -86.2478 -72.941 -59.4512 -58.2413 -38.3313 -45.7523 -90.7264 -95.5401 -98.1447 -61.1936 -20.5185 -42.8784 -42.8652 -42.8444 -23.8464
-40.2678 -25.4032 -23.61 -22.4307 -13.9497 -86.3372 -73.0315 -59.5409 -58.3302 -38.3279 -45.8384 -90.8318 -95.6487 -98.2602 -61.3111 -20.5176 -43.0041 -42.8926 -42.8703 -23.8429
-40.2755 -25.4067 -23.6125 -22.4326 -13.9517 -86.435 -73.1332 -59.6367 -58.424 -38.3245 -45.932 -90.9494 -95.7687 -98.3859 -61.4326 -20.5167 -43.0378 -42.9248 -42.9009 -23.8399
-40.2832 -25.4103 -23.6151 -22.4345 -13.9537 -86.5244 -73.2362 -59.733 -58.5182 -38.321 -46.0264 -91.0684 -95.8898 -98.5124 -61.5542 -20.5158 -43.0719 -42.9573 -42.9319 -23.8369
-40.2909 -25.4141 -23.6177 -22.4365 -13.9558 -86.5212 -73.3546 -59.8359 -58.6168 -38.3174 -46.1301 -91.2023 -96.0231 -98.6479 -61.6793 -20.5148 -43.1109 -42.9937 -42.9655 -23.8338
-40.2986 -25.418 -23.6204 -22.4384 -13.9579 -86.5179 -73.473 -59.9387 -58.7154 -38.3139 -46.2338 -91.3363 -96.1564 -98.7835 -61.8045 -20.5138 -43.1499 -43.0301 -42.999 -23.8307
-40.3064 -25.4218 -23.623 -22.4404 -13.9599 -86.5147 -73.5914 -60.0416 -58.814 -38.3103 -46.3374 -91.4702 -96.2896 -98.9191 -61.9297 -20.5128 -43.1889 -43.0665 -43.0325 -23.8276
-40.3142 -25.4257 -23.6257 -22.4424 -13.962 -86.5114 -73.7099 -60.1445 -58.9127 -38.3067 -46.4411 -91.6042 -96.4229 -99.0547 -62.0549 -20.5118 -43.2279 -43.1029 -43.066 -23.8245
-40.322 -25.4295 -23.6283 -22.4444 -13.9641 -86.5081 -73.8283 -60.2474 -59.0113 -38.3031 -46.5448 -91.7382 -96.5562 -99.1903 -62.1801 -20.5108 -43.2669 -43.1393 -43.0995 -23.8214
-40.3298 -25.4334 -23.631 -22.4463 -13.9662 -86.5049 -73.9468 -60.3503 -59.11 -38.2995 -46.6485 -91.8722 -96.6896 -99.326 -62.3053 -20.5098 -43.3058 -43.1757 -43.133 -23.8182
-40.3376 -25.4373 -23.6337 -22.4483 -13.9682 -86.5016 -74.0652 -60.4532 -59.2086 -38.296 -46.7522 -92.0062 -96.8229 -99.4616 -62.4305 -20.5087 -43.3448 -43.212 -43.1665 -23.8151
-40.3454 -25.4411 -23.6363 -22.4503 -13.9703 -86.4983 -74.1837 -60.5561 -59.3073 -38.2924 -46.8559 -92.1402 -96.9562 -99.5973 -62.5557 -20.5077 -43.3837 -43.2484 -43.1999 -23.812
-40.3532 -25.445 -23.639 -22.4523 -13.9724 -86.495 -74.3022 -60.659 -59.4059 -38.2888 -46.9596 -92.2742 -97.0896 -99.733 -62.681 -20.5067 -43.4227 -43.2847 -43.2334 -23.8089
-40.3611 -25.4489 -23.6417 -22.4543 -13.9745 -86.4917 -74.4207 -60.7619 -59.5046 -38.2852 -47.0634 -92.4082 -97.2229 -99.8687 -62.8062 -20.5056 -43.4616 -43.3211 -43.2668 -23.8057
-40.369 -25.4528 -23.6444 -22.4563 -13.9766 -86.4884 -74.5392 -60.8648 -59.6033 -38.2816 -47.1671 -92.5422 -97.3563 -100.004 -62.9315 -20.5046 -43.5005 -43.3574 -43.3002 -23.8026
-40.3768 -25.4567 -23.647 -22.4583 -13.9787 -86.4851 -74.6578 -60.9677 -59.702 -38.278 -47.2708 -92.6762 -97.4897 -100.14 -63.0568 -20.5035 -43.5394 -43.3937 -43.3336 -23.7994
-40.3849 -25.4607 -23.6498 -22.4603 -13.9808 -86.4817 -74.7858 -61.0727 -59.8023 -38.2744 -47.3764 -92.8046 -97.6172 -100.274 -63.184 -20.5024 -43.5739 -43.4254 -43.3633 -23.7962
-40.3931 -25.4647 -23.6526 -22.4624 -13.983 -86.4783 -74.9161 -61.1804 -59.9051 -38.2706 -47.484 -92.9277 -97.7371 -100.413 -63.3148 -20.5013 -43.6041 -43.4512 -43.3874 -23.7928
-40.4014 -25.4687 -23.6553 -22.4645 -13.9851 -86.4748 -75.0464 -61.288 -60.008 -38.2669 -47.5917 -93.0508 -97.8571 -100.551 -63.4456 -20.5001 -43.6342 -43.477 -43.4115 -23.7895
-40.4097 -25.4728 -23.6581 -22.4666 -13.9873 -86.4714 -75.1766 -61.3957 -60.1108 -38.2631 -47.6993 -93.1739 -97.977 -100.69 -63.5765 -20.4989 -43.6644 -43.5028 -43.4355 -23.7861
-40.418 -25.4768 -23.6609 -22.4687 -13.9894 -86.4679 -75.3069 -61.5034 -60.2136 -38.2594 -47.807 -93.2971 -98.097 -100.829 -63.7073 -20.4978 -43.6946 -43.5285 -43.4596 -23.7827
-40.4266 -25.4811 -23.6639 -22.471 -13.9918 -86.4644 -75.4469 -61.6197 -60.3266 -38.2552 -47.9188 -93.4309 -98.232 -100.989 -63.738 -20.4965 -43.7278 -43.5588 -43.4882 -23.779
-40.4344 -25.485 -23.6664 -22.4731 -13.994 -86.4611 -75.5732 -61.7256 -60.4299 -38.2513 -48.0192 -93.5511 -98.3544 -101.136 -63.7359 -20.4954 -43.7583 -43.587 -43.5151 -23.7755
-40.441 -25.4882 -23.668 -22.4748 -13.9959 -86.4583 -75.6771 -61.814 -60.5158 -38.248 -48.1025 -93.6486 -98.4532 -101.256 -63.7341 -20.4944 -43.7838 -43.6105 -43.5377 -23.7727
-40.4472 -25.4913 -23.6695 -22.4765 -13.9977 -86.4558 -75.7732 -61.8965 -60.5959 -38.2449 -48.1802 -93.7378 -98.5439 -101.365 -63.7325 -20.4935 -43.8084 -43.6323 -43.5589 -23.77
-40.4525 -25.494 -23.6708 -22.478 -13.9993 -86.4536 -75.857 -61.9697 -60.6669 -38.2422 -48.2488 -93.8141 -98.6218 -101.461 -63.7311 -20.4927 -43.83 -43.6513 -43.5778 -23.7677
-40.457 -25.4963 -23.6717 -22.4792 -14.0007 -86.4518 -75.9246 -62.0298 -60.7251 -38.24 -48.305 -93.8743 -98.6832 -101.537 -63.73 -20.4921 -43.8481 -43.6672 -43.5941 -23.7657
-40.4577 -25.497 -23.6715 -22.4797 -14.0012 -86.4515 -75.9331 -62.0417 -60.7364 -38.2394 -48.3159 -93.8756 -98.6842 -101.541 -63.7298 -20.492 -43.852 -43.6722 -43.6006 -23.7651
-40.4518 -25.4939 -23.6684 -22.4762 -13.9986 -86.4376 -75.9174 -62.0348 -60.7287 -38.2319 -48.3093 -93.8483 -98.6557 -101.511 -63.7171 -20.4893 -43.8482 -43.6725 -43.6027 -23.762
-40.4459 -25.491 -23.6653 -22.4727 -13.9959 -86.424 -75.9016 -62.028 -60.7211 -38.2244 -48.3027 -93.8206 -98.627 -101.48 -63.7043 -20.487 -43.8442 -43.6727 -43.6048 -23.7589
-40.4389 -25.4874 -23.6616 -22.4686 -13.9927 -86.4077 -75.8844 -62.0197 -60.712 -38.2155 -48.2948 -93.7917 -98.5968 -101.448 -63.6895 -20.4841 -43.8396 -43.6722 -43.6061 -23.755
-40.4065 -25.4708 -23.6445 -22.4507 -13.9788 -86.3348 -75.8327 -61.9818 -60.6737 -38.1802 -48.2607 -93.7368 -98.5286 -101.369 -63.6296 -20.4687 -43.7948 -43.6522 -43.5869 -23.7366
-40.3594 -25.4466 -23.6197 -22.4246 -13.9585 -86.2296 -75.7568 -61.9263 -60.6181 -38.1295 -48.2105 -93.6566 -98.4313 -101.258 -63.5447 -20.4469 -43.7384 -43.619 -43.5505 -23.709
-40.3123 -25.4224 -23.5949 -22.3985 -13.9382 -86.1244 -75.6809 -61.8709 -60.5625 -38.0788 -48.1603 -93.5764 -98.334 -101.146 -63.4597 -20.4251 -43.682 -43.5858 -43.5141 -23.6814
-40.2652 -25.3983 -23.5701 -22.3724 -13.9179 -86.0192 -75.605 -61.8154 -60.5068 -38.028 -48.1101 -93.4961 -98.2367 -101.034 -63.3748 -20.4033 -43.6255 -43.5526 -43.4777 -23.6537
-40.2147 -25.3723 -23.5435 -22.3444 -13.8961 -85.9064 -75.5236 -61.7559 -60.4471 -37.9737 -48.056 -93.4097 -98.1325 -100.914 -63.284 -20.38 -43.5666 -43.5152 -43.4381 -23.6241
-40.1338 -25.3307 -23.5015 -22.2995 -13.8611 -85.7267 -75.3965 -61.6613 -60.3525 -37.8892 -47.9683 -93.2702 -97.9709 -100.735 -63.1443 -20.3435 -43.4868 -43.4471 -43.3399 -23.5761
-40.0297 -25.2766 -23.4475 -22.2411 -13.8161 -85.4953 -75.2335 -61.539 -60.2317 -37.7802 -47.8547 -93.0882 -97.7619 -100.502 -62.9641 -20.2969 -43.3902 -43.3586 -43.2195 -23.5143
-39.9141 -25.2157 -23.3876 -22.1761 -13.766 -85.2381 -75.0535 -61.403 -60.0975 -37.6591 -47.7281 -92.8849 -97.5294 -100.243 -62.7638 -20.2455 -43.2851 -43.2601 -43.0885 -23.4455
-39.7843 -25.1475 -23.3205 -22.1033 -13.7096 -84.9497 -74.8519 -61.2503 -59.9467 -37.5232 -47.5859 -92.6567 -97.2698 -99.9509 -62.5409 -20.1882 -43.1699 -43.1439 -42.9439 -23.3646
-39.6336 -25.0684 -23.2425 -22.0186 -13.644 -84.615 -74.6188 -61.0729 -59.7717 -37.365 -47.4208 -92.3927 -96.9753 -99.6136 -62.2849 -20.1222 -43.0392 -42.9829 -42.7789 -23.2669
-39.476 -24.9857 -23.161 -21.9301 -13.5756 -84.2652 -74.3751 -60.8874 -59.5885 -37.197 -47.2481 -92.1163 -96.6671 -99.2606 -62.0179 -20.0533 -42.9036 -42.816 -42.6076 -23.1651
-39.3184 -24.903 -23.0796 -21.8417 -13.5071 -83.9153 -74.1313 -60.7019 -59.4053 -37.0289 -47.0754 -91.8399 -96.3588 -98.9075 -61.7509 -19.9844 -42.7681 -42.649 -42.4364 -23.0633
-39.1549 -24.8172 -22.995 -21.7498 -13.4357 -83.5522 -73.8782 -60.5093 -59.2149 -36.8552 -46.896 -91.5527 -96.0383 -98.5404 -61.4732 -19.9131 -42.6282 -42.4767 -42.2595 -22.9578
-38.9743 -24.7225 -22.9017 -21.6484 -13.3564 -83.1507 -73.5976 -60.296 -59.0044 -36.664 -46.6966 -91.2338 -95.6827 -98.1333 -61.1656 -19.8348 -42.4757 -42.289 -42.0667 -22.842
-38.786 -24.6238 -22.8044 -21.5426 -13.2737 -82.7324 -73.3051 -60.0736 -58.7847 -36.4647 -46.485 -90.901 -95.3117 -97.7085 -60.8446 -19.7541 -42.3179 -42.0947 -41.867 -22.7216
-38.5819 -24.5169 -22.699 -21.4281 -13.1843 -82.2798 -72.9878 -59.8324 -58.5466 -36.249 -46.2522 -90.5394 -94.9088 -97.2474 -60.4966 -19.6675 -42.1486 -41.8865 -41.653 -22.5918
-38.3715 -24.4067 -22.5903 -21.31 -13.092 -81.8137 -72.6599 -59.5834 -58.3009 -36.0266 -46.0118 -90.1656 -94.4926 -96.7715 -60.1376 -19.5782 -41.9743 -41.6724 -41.4332 -22.4582
-38.1611 -24.2964 -22.4817 -21.1919 -12.9998 -81.3475 -72.332 -59.3344 -58.0552 -35.8043 -45.7714 -89.7918 -94.0764 -96.2955 -59.7786 -19.4888 -41.8001 -41.4584 -41.2134 -22.3246
-37.9507 -24.1862 -22.373 -21.0739 -12.9076 -80.8813 -72.0041 -59.0854 -57.8095 -35.5819 -45.5309 -89.418 -93.6603 -95.8195 -59.4196 -19.3994 -41.6259 -41.2443 -40.9935 -22.191
-37.7403 -24.0759 -22.2644 -20.9558 -12.8154 -80.4151 -71.6762 -58.8363 -57.5638 -35.3595 -45.2905 -89.0442 -93.2441 -95.3435 -59.0606 -19.31 -41.4516 -41.0302 -40.7736 -22.0574
-37.5197 -23.9604 -22.1505 -20.832 -12.7188 -79.9259 -71.332 -58.5749 -57.3056 -35.1261 -45.0386 -88.6516 -92.8068 -94.8436 -58.6835 -19.2162 -41.2699 -40.8069 -40.544 -21.9175
-37.293 -23.8417 -22.0335 -20.7048 -12.6195 -79.4234 -70.9782 -58.3063 -57.04 -34.8863 -44.7799 -88.248 -92.3571 -94.3295 -58.2956 -19.12 -41.0838 -40.5782 -40.3087 -21.7738
-37.0549 -23.7171 -21.9106 -20.5715 -12.5151 -78.8951 -70.6064 -58.0237 -56.7569 -34.6341 -44.5083 -87.8237 -91.8844 -93.7903 -57.888 -19.0189 -40.8895 -40.3393 -40.0626 -21.6232
-36.8122 -23.5901 -21.7854 -20.4357 -12.4088 -78.3568 -70.2276 -57.7356 -56.4669 -34.3772 -44.2317 -87.3912 -91.4025 -93.2411 -57.4725 -18.9158 -40.6919 -40.0965 -39.8123 -21.4699
-36.5646 -23.4605 -21.6577 -20.2971 -12.3004 -77.8073 -69.8408 -57.4415 -56.1709 -34.1149 -43.9495 -86.9496 -90.9104 -92.6797 -57.0483 -18.8107 -40.4908 -39.8492 -39.5576 -21.3136
-36.3003 -23.3223 -21.5214 -20.1493 -12.1846 -77.2206 -69.4276 -57.1273 -55.855 -33.8347 -43.6486 -86.4775 -90.3841 -92.0773 -56.5946 -18.6985 -40.2775 -39.587 -39.2877 -21.147
-36.036 -23.1841 -21.3852 -20.0015 -12.0689 -76.6339 -69.0144 -56.8132 -55.5391 -33.5546 -43.3477 -86.0054 -89.8578 -91.4748 -56.141 -18.5864 -40.0642 -39.3248 -39.0178 -20.9804
-35.7293 -23.0239 -21.2271 -19.83 -11.9348 -75.9525 -68.5343 -56.4485 -55.1737 -33.2302 -42.9991 -85.4555 -89.2431 -90.7624 -55.6142 -18.4563 -39.8204 -39.0261 -38.7113 -20.7886
-35.3745 -22.8388 -21.0445 -19.6317 -11.7797 -75.1638 -67.9767 -56.0264 -54.7521 -32.8555 -42.5961 -84.8164 -88.5305 -89.9294 -55.0047 -18.306 -39.542 -38.6852 -38.3627 -20.5683
-35.0015 -22.6442 -20.8525 -19.4232 -11.6167 -74.3346 -67.3912 -55.5831 -54.3089 -32.4618 -42.1729 -84.1398 -87.7712 -89.0543 -54.3639 -18.1481 -39.2516 -38.3304 -37.9977 -20.3371
-34.5869 -22.428 -20.639 -19.1912 -11.4354 -73.4129 -66.7379 -55.0912 -53.8165 -32.0241 -41.7036 -83.3727 -86.9146 -88.083 -53.6511 -17.9731 -38.9351 -37.9424 -37.5953 -20.0809
-34.1579 -22.2047 -20.418 -18.9512 -11.2478 -72.4592 -66.0527 -54.5819 -53.307 -31.5712 -41.2185 -82.5817 -86.0293 -87.0786 -52.9133 -17.792 -38.6084 -37.542 -37.1798 -19.8161
-33.7218 -21.9778 -20.1935 -18.7073 -11.0571 -71.4893 -65.3559 -54.0637 -52.7888 -31.1106 -40.7252 -81.7772 -85.1293 -86.0572 -52.1628 -17.6079 -38.2763 -37.135 -36.7575 -19.5468
-33.2581 -21.7366 -19.9549 -18.448 -10.8544 -70.4577 -64.6152 -53.51 -52.2378 -30.6206 -40.201 -80.9222 -84.1734 -84.9709 -51.3634 -17.4121 -37.9242 -36.7033 -36.3095 -19.2609
-32.7665 -21.481 -19.7024 -18.1733 -10.6395 -69.3636 -63.8303 -52.918 -51.6537 -30.1017 -39.6455 -80.0167 -83.1627 -83.8201 -50.5094 -17.2045 -37.5521 -36.2469 -35.8361 -18.9595
-32.2711 -21.2234 -19.448 -17.8964 -10.423 -68.2607 -63.0393 -52.3214 -51.0649 -29.5788 -39.0855 -79.1042 -82.1442 -82.6604 -49.6462 -16.9952 -37.1772 -35.7872 -35.3592 -18.6562
-31.7759 -20.9659 -19.1937 -17.6197 -10.2065 -67.1577 -62.2482 -51.7247 -50.4762 -29.056 -38.5256 -78.1916 -81.1257 -81.5007 -48.7831 -16.7859 -36.8022 -35.3273 -34.8823 -18.3529
-31.2807 -20.7085 -18.9394 -17.343 -9.99015 -66.0547 -61.4571 -51.1279 -49.8873 -28.533 -37.9657 -77.279 -80.1072 -80.341 -47.9199 -16.5765 -36.4272 -34.8674 -34.4052 -18.0494
-30.7856 -20.4511 -18.6852 -17.0664 -9.77384 -64.9514 -60.6659 -50.5311 -49.2985 -28.01 -37.4057 -76.3664 -79.0886 -79.1812 -47.0567 -16.3671 -36.052 -34.4073 -33.928 -17.7459
-30.2906 -20.1938 -18.4311 -16.7899 -9.55759 -63.848 -59.8746 -49.9342 -48.7096 -27.487 -36.8457 -75.4537 -78.07 -78.0213 -46.1934 -16.1576 -35.6768 -33.9472 -33.4507 -17.4423
-29.7957 -19.9366 -18.1771 -16.5135 -9.34142 -62.7445 -59.0833 -49.3373 -48.1206 -26.9638 -36.2857 -74.5409 -77.0514 -76.8614 -45.3301 -15.948 -35.3015 -33.487 -32.9734 -17.1387
-29.3009 -19.6794 -17.9231 -16.2372 -9.12532 -61.641 -58.292 -48.7404 -47.5315 -26.4406 -35.7257 -73.6282 -76.0327 -75.7015 -44.4668 -15.7384 -34.9262 -33.0267 -32.4959 -16.835
-28.8062 -19.4224 -17.6692 -15.961 -8.90929 -60.5374 -57.5006 -48.1434 -46.9424 -25.9174 -35.1657 -72.7155 -75.0141 -74.5416 -43.6034 -15.5288 -34.5508 -32.5664 -32.0183 -16.5312
-28.3117 -19.1654 -17.4154 -15.6848 -8.69333 -59.4336 -56.7092 -47.5463 -46.3533 -25.3941 -34.6057 -71.8027 -73.9954 -73.3816 -42.7401 -15.3191 -34.1753 -32.1059 -31.5407 -16.2273
-27.8116 -18.9055 -17.1588 -15.4056 -8.47503 -58.3175 -55.9085 -46.9424 -45.7574 -24.8649 -34.0391 -70.8793 -72.9651 -72.2086 -41.8671 -15.1069 -33.7955 -31.6403 -31.0578 -15.92
-27.3086 -18.6442 -16.9007 -15.1248 -8.25547 -57.1946 -55.1028 -46.3347 -45.1579 -24.3324 -33.469 -69.9501 -71.9284 -71.0284 -40.9887 -14.8934 -33.4133 -31.1719 -30.572 -15.6108
-26.8057 -18.3828 -16.6426 -14.8441 -8.03598 -56.0715 -54.297 -45.727 -44.5583 -23.7999 -32.8988 -69.0209 -70.8917 -69.8482 -40.1104 -14.6798 -33.031 -30.7034 -30.0861 -15.3016
-26.3029 -18.1216 -16.3846 -14.5635 -7.81658 -54.9483 -53.4912 -45.1192 -43.9586 -23.2673 -32.3287 -68.0916 -69.855 -68.668 -39.232 -14.4661 -32.6487 -30.2348 -29.6001 -14.9923
-25.8002 -17.8605 -16.1268 -14.283 -7.59725 -53.825 -52.6853 -44.5114 -43.3589 -22.7346 -31.7585 -67.1624 -68.8183 -67.4877 -38.3537 -14.2524 -32.2663 -29.7661 -29.114 -14.6829
-25.2977 -17.5994 -15.8689 -14.0025 -7.378 -52.7016 -51.8794 -43.9035 -42.7591 -22.2019 -31.1883 -66.2331 -67.7816 -66.3075 -37.4753 -14.0386 -31.8838 -29.2973 -28.6278 -14.3734
-24.7952 -17.3384 -15.6112 -13.7222 -7.15882 -51.5781 -51.0734 -43.2956 -42.1593 -21.6692 -30.6181 -65.3037 -66.7448 -65.1272 -36.5969 -13.8248 -31.5012 -28.8285 -28.1415 -14.0639
-24.2928 -17.0774 -15.3536 -13.4419 -6.93973 -50.4545 -50.2673 -42.6876 -41.5594 -21.1364 -30.0478 -64.3744 -65.708 -63.947 -35.7185 -13.6109 -31.1186 -28.3595 -27.6551 -13.7543
-23.7905 -16.8165 -15.0959 -13.1617 -6.72064 -49.3305 -49.461 -42.0794 -40.9593 -20.6034 -29.4775 -63.4448 -64.671 -62.7664 -34.84 -13.397 -30.7358 -27.8904 -27.1685 -13.4444
-23.2882 -16.5557 -14.8384 -12.8815 -6.50163 -48.2063 -48.6547 -41.4712 -40.3592 -20.0703 -28.907 -62.5151 -63.6339 -61.5858 -33.9614 -13.1829 -30.3529 -27.4211 -26.6818 -13.1346
-22.7822 -16.2931 -14.5791 -12.5996 -6.28122 -47.0733 -47.8429 -40.8588 -39.7549 -19.5336 -28.333 -61.5793 -62.59 -60.3973 -33.0768 -12.9674 -29.9675 -26.9488 -26.1919 -12.8225
-22.269 -16.0272 -14.3165 -12.314 -6.05799 -45.9232 -47.0207 -40.2385 -39.1427 -18.9898 -27.7521 -60.6317 -61.5326 -59.1933 -32.1805 -12.7489 -29.5774 -26.4707 -25.6959 -12.5064
-21.756 -15.7613 -14.054 -12.0285 -5.83485 -44.773 -46.1985 -39.6181 -38.5304 -18.446 -27.171 -59.684 -60.4752 -57.9893 -31.2843 -12.5304 -29.1872 -25.9925 -25.1997 -12.1902
-21.243 -15.4955 -13.7916 -11.7431 -5.61179 -43.6227 -45.3762 -38.9976 -37.9181 -17.9021 -26.59 -58.7364 -59.4178 -56.7853 -30.388 -12.3118 -28.7969 -25.5141 -24.7034 -11.8739
-20.7302 -15.2298 -13.5293 -11.4578 -5.38881 -42.4722 -44.5538 -38.3771 -37.3057 -17.3582 -26.009 -57.7887 -58.3604 -55.5812 -29.4917 -12.0932 -28.4066 -25.0357 -24.207 -11.5575
-20.2174 -14.9642 -13.267 -11.1726 -5.16591 -41.3217 -43.7314 -37.7565 -36.6932 -16.8142 -25.428 -56.8409 -57.303 -54.3772 -28.5953 -11.8745 -28.0161 -24.5572 -23.7106 -11.2411
-19.7048 -14.6986 -13.0049 -10.8875 -4.94309 -40.1711 -42.909 -37.1359 -36.0807 -16.2701 -24.8469 -55.8932 -56.2455 -53.1731 -27.699 -11.6558 -27.6256 -24.0786 -23.214 -10.9246
-19.1923 -14.4331 -12.7428 -10.6025 -4.72036 -39.0203 -42.0865 -36.5152 -35.4682 -15.726 -24.2658 -54.9454 -55.1881 -51.969 -26.8027 -11.437 -27.2351 -23.6 -22.7173 -10.6081
-18.68 -14.1677 -12.4808 -10.3176 -4.4977 -37.8694 -41.2639 -35.8945 -34.8556 -15.1819 -23.6847 -53.9976 -54.1306 -50.7649 -25.9063 -11.2182 -26.8444 -23.1212 -22.2205 -10.2914
-18.1676 -13.9023 -12.2188 -10.0327 -4.27446 -36.7182 -40.4412 -35.2736 -34.2427 -14.6376 -23.1035 -53.0496 -53.0731 -49.5608 -25.01 -10.9992 -26.4536 -22.6423 -21.7237 -9.97474
-17.6487 -13.6334 -11.9531 -9.74336 -4.03901 -35.5516 -39.6077 -34.6447 -33.6219 -14.0881 -22.5143 -52.0893 -52.0031 -48.3434 -24.1043 -10.7773 -26.0579 -22.1584 -21.2221 -9.65485
-17.1262 -13.3626 -11.6856 -9.45192 -3.79646 -34.3765 -38.7683 -34.0114 -32.9969 -13.5365 -21.9208 -51.1222 -50.9263 -47.1186 -23.1932 -10.5537 -25.6595 -21.6714 -20.7177 -9.33312
-16.6038 -13.0919 -11.4182 -9.16057 -3.55397 -33.2014 -37.9289 -33.3781 -32.3719 -12.985 -21.3273 -50.1551 -49.8494 -45.8937 -22.2822 -10.33 -25.2609 -21.1844 -20.2131 -9.01131
-16.0816 -12.8212 -11.1509 -8.86933 -3.31155 -32.0261 -37.0894 -32.7448 -31.7467 -12.4333 -20.7337 -49.188 -48.7725 -44.6688 -21.3711 -10.1062 -24.8623 -20.6972 -19.7085 -8.68942
-15.5594 -12.5505 -10.8835 -8.57803 -3.06907 -30.8509 -36.2503 -32.1112 -31.1213 -11.8813 -20.1367 -48.2212 -47.6957 -43.4435 -20.4593 -9.88221 -24.4639 -20.2101 -19.2036 -8.36723
-15.0373 -12.2799 -10.6162 -8.28682 -2.82666 -29.6756 -35.4112 -31.4776 -30.4957 -11.3292 -19.5397 -47.2544 -46.6188 -42.2181 -19.5476 -9.65812 -24.0653 -19.7228 -18.6985 -8.04496
-14.5154 -12.0094 -10.349 -7.99573 -2.58432 -28.5002 -34.572 -30.844 -29.8701 -10.7771 -18.9427 -46.2875 -45.5419 -40.9926 -18.6358 -9.43398 -23.6667 -19.2355 -18.1934 -7.72262
-13.9936 -11.7389 -10.0819 -7.70473 -2.34205 -27.3247 -33.7327 -30.2103 -29.2445 -10.2249 -18.3456 -45.3207 -44.4649 -39.7672 -17.724 -9.20978 -23.2681 -18.7481 -17.6881 -7.40021
-13.4719 -11.4686 -9.81484 -7.41384 -2.09984 -26.149 -32.8934 -29.5765 -28.6188 -9.67266 -17.7485 -44.3537 -43.388 -38.5418 -16.8122 -8.98552 -22.8693 -18.2605 -17.1827 -7.07771
-12.9503 -11.1983 -9.5479 -7.12305 -1.85771 -24.9732 -32.054 -28.9427 -27.993 -9.12042 -17.1514 -43.3868 -42.3111 -37.3163 -15.9004 -8.76121 -22.4704 -17.7729 -16.6773 -6.75516
-12.4285 -10.9279 -9.28082 -6.8321 -1.61554 -23.7967 -31.2141 -28.3085 -27.3667 -8.56562 -16.5538 -42.4193 -41.2338 -36.0907 -14.9882 -8.53668 -22.0713 -17.2851 -16.1718 -6.43264
-11.9069 -10.6575 -9.01382 -6.54125 -1.37344 -22.62 -30.3742 -27.6742 -26.7404 -8.01079 -15.9561 -41.4517 -40.1565 -34.8651 -14.076 -8.3121 -21.6721 -16.7973 -15.6662 -6.11006
-11.3842 -10.3865 -8.74611 -6.24944 -1.13003 -21.4402 -29.5329 -27.0392 -26.1133 -7.45633 -15.3567 -40.4827 -39.0797 -33.6417 -13.15 -8.08687 -21.2724 -16.31 -15.1618 -5.78736
-10.8615 -10.1156 -8.47841 -5.95763 -0.886561 -20.26 -28.6915 -26.404 -25.4861 -6.90184 -14.7571 -39.5135 -38.0029 -32.4184 -12.2228 -7.86152 -20.8725 -15.8227 -14.6574 -5.46458
-10.342 -9.83997 -8.20098 -5.65059 -0.627808 -19.087 -27.8343 -25.7443 -24.8242 -6.30134 -14.1613 -38.5263 -36.883 -31.1238 -11.594 -7.6376 -20.4653 -15.3161 -14.1244 -5.12159
-9.80924 -9.56228 -7.92121 -5.34073 -0.366656 -17.9441 -26.971 -25.079 -24.1561 -5.6914 -13.5625 -37.5323 -35.7542 -29.8172 -11.0091 -7.41216 -20.0554 -14.8056 -13.5866 -4.77566
-9.17781 -9.27244 -7.63294 -5.02472 -0.187474 -17.1053 -26.0664 -24.3922 -23.4737 -5.07489 -12.9274 -36.4911 -34.5871 -28.4815 -10.4162 -7.17269 -19.6261 -14.2778 -13.0367 -4.42521
-8.54719 -8.9817 -7.34277 -4.70574 -0.0108224 -16.267 -25.1586 -23.7003 -22.7843 -4.51319 -12.293 -35.4462 -33.4115 -27.1316 -9.81242 -6.93341 -19.1951 -13.7462 -12.481 -4.0697
-7.91814 -8.68722 -7.04515 -4.36395 0.172963 -15.4307 -24.2396 -22.9908 -22.0713 -4.10261 -11.6605 -34.3884 -32.2058 -25.7322 -9.18262 -6.69482 -18.7591 -13.2012 -11.9049 -3.75034
-7.29025 -8.39139 -6.74458 -4.01449 0.359865 -14.5959 -23.3159 -22.2738 -21.3483 -3.68404 -11.0293 -33.3254 -30.987 -24.3113 -8.54238 -6.45663 -18.3209 -12.6503 -11.3192 -3.52078
-6.66249 -8.09565 -6.44412 -3.66513 0.546685 -13.7608 -22.3922 -21.5568 -20.6252 -3.26542 -10.398 -32.2623 -29.7682 -22.8903 -7.90214 -6.21838 -17.8827 -12.0992 -10.7334 -3.29115
-6.03227 -7.79851 -6.14288 -3.31537 0.733044 -12.9226 -21.4642 -20.8378 -19.9012 -2.83903 -9.78528 -31.1945 -28.5466 -21.4688 -7.26357 -5.98191 -17.4425 -11.547 -10.1473 -3.06181
-5.40126 -7.50027 -5.84005 -2.96307 0.876365 -12.0894 -20.5326 -20.1152 -19.1724 -2.3861 -9.17067 -30.1226 -27.3198 -20.0405 -6.62413 -5.74473 -17.0007 -10.9926 -9.55872 -2.8314
-4.77054 -7.20088 -5.53637 -2.60997 1.00955 -11.2727 -19.5971 -19.3902 -18.4415 -1.9325 -8.55258 -29.046 -26.0886 -18.6082 -5.98319 -5.5063 -16.5567 -10.4361 -8.96832 -2.60037
-4.30949 -6.89577 -5.2296 -2.25578 1.14239 -10.3999 -18.6408 -18.6568 -17.7079 -1.47995 -7.9143 -27.9455 -24.8427 -17.1703 -5.34418 -5.2601 -16.1028 -9.87271 -8.37553 -2.36999
-3.84856 -6.59074 -4.92295 -1.9017 1.27514 -9.52697 -17.6844 -17.9234 -16.9742 -1.02737 -7.27597 -26.845 -23.5967 -15.7325 -4.70521 -5.01381 -15.6487 -9.30926 -7.78262 -2.13954
