0.381607 -0.172046 -0.525353 -0.415128 -1.60165 0.144948 -2.15245 -1.62816 -1.23489 -2.03283 -0.525746 -2.50867 -2.50236 -2.50183 -1.52108 0.456531 -1.59112 -1.61639 -1.16288 -1.56462
0.0141039 -0.751604 -1.06698 -0.961024 -1.931 -1.23346 -4.45311 -3.30098 -2.67146 -2.77639 -1.40736 -4.8696 -4.92059 -5.02363 -2.63338 -0.0288601 -2.88583 -3.12335 -2.50929 -2.11554
-0.355146 -1.33045 -1.60777 -1.50615 -2.25956 -2.6517 -6.76287 -4.97154 -4.10662 -3.51883 -2.29059 -7.23036 -7.33807 -7.5448 -3.74509 -0.51482 -4.18111 -4.63098 -3.85627 -2.66638
-0.730325 -1.91124 -2.14918 -2.05199 -2.58829 -4.07181 -9.07765 -6.64488 -5.54371 -4.26214 -3.17504 -9.59542 -9.76034 -10.0705 -4.85869 -1.00013 -5.47796 -6.14594 -5.20697 -3.21773
-1.10867 -2.49407 -2.69283 -2.59892 -2.9172 -5.48973 -11.4164 -8.35057 -6.98948 -5.00641 -4.06097 -11.9676 -12.191 -12.602 -5.97464 -1.48463 -6.79145 -7.68121 -6.56347 -3.76951
-1.48952 -3.07954 -3.23901 -3.14898 -3.24761 -6.91755 -13.7658 -10.0632 -8.45207 -5.75759 -4.95318 -14.3538 -14.6361 -15.1493 -7.098 -1.97209 -8.10984 -9.22125 -7.93565 -4.32724
-1.87252 -3.66736 -3.78729 -3.70141 -3.57925 -8.35379 -16.1228 -11.7804 -9.92069 -6.51222 -5.85067 -16.751 -17.0924 -17.7086 -8.22679 -2.46257 -9.43277 -10.7676 -9.31379 -4.8871
-2.25618 -4.25579 -4.33611 -4.25443 -3.91093 -9.79172 -18.4826 -13.4993 -11.3908 -7.26725 -6.74936 -19.1508 -19.5512 -20.2706 -9.35638 -2.95389 -10.757 -12.3156 -10.6933 -5.4472
-2.64172 -4.84676 -4.88732 -4.80985 -4.24373 -11.2359 -20.8531 -15.2259 -12.8674 -8.02522 -7.65204 -21.5613 -22.0209 -22.8437 -10.4905 -3.44758 -12.0873 -13.8703 -12.0789 -6.00937
-3.02833 -5.43854 -5.43947 -5.36622 -4.57681 -12.6831 -23.2275 -16.9555 -14.3465 -8.78422 -8.55652 -23.9761 -24.495 -25.4215 -11.6263 -3.94237 -13.42 -15.4277 -13.467 -6.57214
-3.40738 -6.01672 -5.97958 -5.91044 -4.9023 -14.1011 -25.5489 -18.648 -15.7937 -9.52664 -9.44272 -26.3378 -26.9153 -27.9443 -12.7382 -4.4269 -14.7226 -16.9504 -14.8252 -7.12277
-3.7745 -6.59721 -6.50923 -6.43956 -5.21874 -15.4804 -27.8119 -20.2962 -17.2027 -10.2488 -10.3071 -28.6374 -29.2727 -30.4015 -13.82 -4.8997 -15.9923 -18.4344 -16.1482 -7.65711
-4.13631 -7.16876 -7.0292 -6.95873 -5.52964 -16.8395 -30.0387 -21.9164 -18.588 -10.9595 -11.159 -30.9008 -31.5921 -32.82 -14.8848 -5.36538 -17.242 -19.8946 -17.4502 -8.18206
-4.49588 -7.73637 -7.54488 -7.47839 -5.83884 -18.1897 -32.2496 -23.525 -19.9646 -11.6646 -12.0056 -33.1483 -33.8953 -35.2216 -15.942 -5.82816 -18.483 -21.3448 -18.7431 -8.70308
-4.84866 -8.29245 -8.04907 -7.99891 -6.14374 -19.5143 -34.4148 -25.1008 -21.3177 -12.3521 -12.8364 -35.3509 -36.153 -37.5765 -16.9763 -6.2823 -19.6999 -22.7667 -20.0106 -9.2134
-5.1999 -8.84388 -8.56343 -8.51977 -6.44599 -20.8327 -36.5673 -26.6717 -22.6643 -13.034 -13.6638 -37.5424 -38.3999 -39.92 -18.0043 -6.73468 -20.9112 -24.1822 -21.2724 -9.72104
-5.55105 -9.39483 -9.07739 -9.04048 -6.7476 -22.15 -38.7173 -28.242 -24.012 -13.7143 -14.4905 -39.7316 -40.6445 -42.2617 -19.0307 -7.18695 -22.1217 -25.5966 -22.5331 -10.228
-5.89758 -9.94146 -9.59277 -9.55649 -7.04486 -23.4492 -40.8388 -29.8052 -25.3624 -14.3804 -15.3062 -41.8915 -42.8617 -44.5782 -20.0408 -7.63505 -23.3201 -26.9971 -23.7813 -10.7291
-6.24362 -10.4881 -10.1101 -10.0714 -7.34161 -24.7463 -42.9577 -31.3682 -26.7108 -15.0452 -16.121 -44.0482 -45.076 -46.8914 -21.0489 -8.08296 -24.5174 -28.3962 -25.0281 -11.2294
-6.58112 -11.0215 -10.6199 -10.5783 -7.68897 -26.0063 -45.0177 -32.9003 -28.0338 -15.7071 -16.9142 -46.1483 -47.2329 -49.1472 -22.0295 -8.52292 -25.6927 -29.7694 -26.2516 -11.7197
-6.91511 -11.5509 -11.1219 -11.0764 -8.04258 -27.248 -47.0481 -34.4099 -29.3369 -16.3601 -17.6958 -48.2158 -49.3548 -51.3646 -22.9949 -8.9572 -26.8519 -31.1237 -27.4575 -12.2028
-7.2405 -12.0716 -11.5978 -11.5407 -8.38769 -28.4601 -49.0404 -35.8589 -30.5889 -16.9849 -18.4465 -50.1952 -51.3897 -53.493 -23.9181 -9.37967 -27.9518 -32.4346 -28.6202 -12.6684
-7.55941 -12.5503 -11.9529 -11.9425 -8.73081 -29.6352 -50.9649 -37.231 -31.787 -17.5883 -19.1674 -52.0898 -53.339 -55.5309 -24.791 -9.78458 -28.996 -33.6975 -29.7284 -13.1115
-7.87238 -13.0151 -12.308 -12.3429 -9.0733 -30.6769 -52.5637 -38.6102 -32.9755 -18.1866 -19.8722 -53.936 -55.2572 -57.5369 -25.6465 -10.1808 -30.0151 -34.938 -30.8236 -13.5412
-8.1442 -13.3738 -12.6551 -12.7288 -9.41331 -31.6344 -54.0023 -39.9842 -34.1283 -18.7679 -20.5394 -55.6941 -57.0859 -59.4599 -26.4536 -10.5509 -31.0647 -36.0923 -32.0115 -13.935
-8.40097 -13.7095 -12.9889 -13.0683 -9.58444 -32.5064 -55.2984 -41.4318 -35.1933 -19.2714 -21.1196 -57.2551 -58.7147 -61.1797 -27.155 -10.862 -32.2283 -37.2733 -33.2577 -14.3066
-8.63289 -14.0142 -13.2996 -13.3828 -9.72457 -33.2867 -56.4441 -42.8873 -36.268 -19.7184 -21.6419 -58.668 -60.1795 -62.7268 -27.768 -11.1492 -33.3151 -38.5046 -34.4131 -14.6456
-8.84099 -14.288 -13.5788 -13.6787 -9.86357 -33.9928 -57.4755 -44.2454 -37.4148 -20.1714 -22.1366 -60.0164 -61.5479 -64.1845 -28.3422 -11.4327 -34.3766 -39.1796 -35.5361 -14.9763
-9.02902 -14.5277 -13.8252 -14.0031 -9.98964 -34.6544 -58.4144 -45.4904 -38.4933 -20.594 -22.6195 -61.2509 -62.8618 -65.5071 -28.958 -11.7133 -35.3895 -39.5442 -36.3146 -15.3
-9.20591 -14.75 -14.06 -14.3508 -10.1101 -35.3142 -59.3339 -46.7057 -39.5667 -21.0101 -23.154 -62.5065 -64.2508 -65.6528 -29.5981 -12.0109 -36.4276 -39.9126 -36.6747 -15.6275
-9.36053 -14.9492 -14.2724 -14.6709 -10.2221 -35.9239 -60.1466 -47.8266 -40.5546 -21.397 -23.6694 -63.6196 -65.5058 -65.6249 -30.1983 -12.2855 -37.3817 -40.2523 -36.9971 -15.977
-9.4909 -15.1041 -14.4663 -14.9345 -10.3189 -36.4718 -60.7333 -48.7622 -41.365 -21.7348 -24.1322 -64.502 -66.4369 -65.5742 -30.7424 -12.496 -38.1761 -40.5299 -37.2597 -16.3218
-9.62816 -15.269 -14.7346 -15.2154 -10.4206 -37.0575 -61.3812 -49.7736 -42.2174 -22.0946 -24.6301 -64.9536 -66.8567 -65.5482 -31.3373 -12.7312 -39.0351 -40.8332 -37.5459 -16.694
-9.76495 -15.4501 -15.0038 -15.5001 -10.5226 -37.6508 -62.3972 -50.7855 -43.0916 -22.4609 -25.1435 -64.9337 -66.8512 -65.5379 -31.9587 -12.9833 -39.9413 -41.1549 -37.8474 -17.0854
-9.91612 -15.6627 -15.2932 -15.8045 -10.633 -38.3058 -63.015 -51.6773 -44.0287 -22.8621 -25.7044 -64.9805 -66.8888 -65.5738 -32.6462 -13.2572 -40.4324 -41.4959 -38.1762 -17.509
-10.085 -15.905 -15.6201 -16.1354 -10.7536 -39.0119 -63.2791 -52.0412 -45.0338 -23.2961 -26.2931 -65.0627 -66.9542 -65.6778 -33.3705 -13.541 -40.7699 -41.8509 -38.5238 -17.9525
-10.2527 -16.1453 -15.9466 -16.3767 -10.8678 -39.7254 -63.542 -52.4017 -46.038 -23.7086 -26.8929 -65.1546 -67.0299 -65.7962 -34.1078 -13.828 -41.1086 -42.209 -38.864 -18.143
-10.4276 -16.3946 -16.2784 -16.4754 -10.9817 -40.4634 -63.8115 -52.7651 -46.941 -24.1187 -27.5044 -65.2531 -67.1179 -65.9287 -34.8587 -14.1173 -41.4525 -42.5688 -39.2038 -18.2757
-10.6194 -16.6668 -16.6285 -16.5866 -11.1027 -41.2569 -64.1013 -53.1387 -47.2926 -24.5513 -28.1454 -65.3739 -67.2317 -66.0947 -35.648 -14.4168 -41.8084 -42.9385 -39.553 -18.4118
-10.8022 -16.9318 -16.9274 -16.6955 -11.2186 -42.0052 -64.381 -53.5006 -47.6411 -24.9615 -28.7511 -65.4642 -67.3031 -66.4619 -36.3781 -14.6999 -42.1535 -43.2928 -39.8982 -18.5415
-10.9384 -17.2176 -17.0106 -16.786 -11.2492 -42.4893 -64.6339 -53.8018 -47.9324 -25.2909 -29.2528 -65.478 -67.3691 -66.9176 -36.9697 -14.9175 -42.432 -43.5824 -40.1816 -18.6455
-11.0878 -17.3572 -17.0957 -16.8767 -11.2488 -42.6082 -64.8832 -54.1189 -48.221 -25.6003 -29.7064 -65.4122 -67.7673 -67.3442 -37.492 -15.1098 -42.6972 -43.8741 -40.4507 -18.7434
-11.2779 -17.4334 -17.1816 -16.9689 -11.2482 -42.5302 -65.1341 -54.438 -48.5147 -25.9094 -30.1177 -65.2827 -68.1705 -67.7705 -38.0147 -15.299 -42.9593 -44.1647 -40.7182 -18.8406
-11.4833 -17.506 -17.2643 -17.0552 -11.2233 -42.3968 -65.387 -54.7453 -48.7709 -26.0089 -30.3932 -65.5088 -68.5262 -68.1775 -38.3889 -15.4478 -43.2232 -44.4338 -40.971 -18.9284
-11.6864 -17.5784 -17.3474 -17.1399 -11.2065 -42.2446 -65.6395 -55.0569 -49.0142 -26.1806 -30.6474 -65.7333 -68.8902 -68.5007 -38.5372 -15.661 -43.4766 -44.7092 -41.2258 -19.0119
-11.8772 -17.6505 -17.4261 -17.2201 -11.1901 -42.0909 -65.8778 -55.3516 -49.2444 -26.3382 -30.8907 -65.9428 -69.2337 -68.8057 -38.6242 -15.9057 -43.7056 -44.9701 -41.4663 -19.0889
-12.0394 -17.7118 -17.4912 -17.2864 -11.176 -41.9709 -66.0758 -55.5951 -49.4346 -26.4643 -31.1066 -66.1163 -69.5179 -69.0592 -38.6532 -16.1082 -43.8939 -45.1851 -41.6648 -19.1507
-12.1758 -17.7619 -17.5446 -17.3408 -11.1647 -41.8934 -66.2386 -55.7946 -49.5905 -26.5689 -31.2325 -66.26 -69.7514 -69.2675 -38.689 -16.2718 -44.0487 -45.3611 -41.8273 -19.2017
-12.2578 -17.7924 -17.577 -17.3739 -11.1578 -41.839 -66.3374 -55.916 -49.6854 -26.6321 -31.2916 -66.3481 -69.8937 -69.3947 -38.6922 -16.3706 -44.1433 -45.4683 -41.9264 -19.2324
-12.2875 -17.804 -17.5894 -17.3865 -11.1552 -41.8055 -66.3753 -55.9627 -49.7218 -26.6553 -31.3011 -66.383 -69.949 -69.4446 -38.6628 -16.4082 -44.18 -45.5096 -41.9647 -19.2436
-12.3172 -17.8156 -17.6018 -17.3991 -11.1526 -41.7721 -66.4132 -56.0093 -49.7582 -26.6785 -31.3106 -66.4179 -70.0042 -69.4944 -38.6334 -16.4457 -44.2166 -45.5509 -42.003 -19.2548
-12.3469 -17.8273 -17.6142 -17.4117 -11.15 -41.7387 -66.4511 -56.056 -49.7946 -26.7017 -31.32 -66.4528 -70.0594 -69.5442 -38.604 -16.4831 -44.2532 -45.5921 -42.0413 -19.266
-12.3765 -17.8389 -17.6266 -17.4243 -11.1473 -41.7054 -66.489 -56.1026 -49.831 -26.7248 -31.3295 -66.4877 -70.1146 -69.594 -38.5746 -16.5206 -44.2898 -45.6333 -42.0796 -19.2772
-12.4071 -17.8509 -17.6394 -17.4373 -11.1446 -41.6711 -66.528 -56.1508 -49.8686 -26.7488 -31.322 -66.5227 -70.1718 -69.6455 -38.546 -16.5587 -44.3278 -45.676 -42.1193 -19.2889
-12.4381 -17.863 -17.6524 -17.4504 -11.1419 -41.6365 -66.5676 -56.1995 -49.9066 -26.7731 -31.3067 -66.5578 -70.2296 -69.6976 -38.5178 -16.597 -44.3664 -45.7192 -42.1595 -19.3007
-12.4691 -17.8752 -17.6653 -17.4636 -11.1391 -41.6019 -66.6071 -56.2482 -49.9446 -26.7974 -31.2914 -66.5928 -70.2875 -69.7497 -38.4896 -16.6352 -44.405 -45.7624 -42.1997 -19.3125
-12.5 -17.8873 -17.6782 -17.4767 -11.1364 -41.5672 -66.6466 -56.2969 -49.9826 -26.8217 -31.276 -66.6278 -70.3453 -69.8018 -38.4614 -16.6735 -44.4437 -45.8057 -42.2399 -19.3243
-12.531 -17.8994 -17.6912 -17.4898 -11.1336 -41.5326 -66.6861 -56.3456 -50.0206 -26.846 -31.2607 -66.6628 -70.4032 -69.8538 -38.4332 -16.7118 -44.4823 -45.8489 -42.28 -19.3361
-12.5627 -17.9115 -17.7037 -17.5034 -11.1308 -41.4985 -66.7218 -56.388 -50.0602 -26.8709 -31.2465 -66.698 -70.4611 -69.907 -38.4065 -16.7507 -44.5214 -45.8927 -42.3208 -19.3481
-12.595 -17.9237 -17.7159 -17.5171 -11.128 -41.4647 -66.7551 -56.4264 -50.1009 -26.8961 -31.2331 -66.7334 -70.519 -69.9608 -38.3808 -16.7899 -44.5609 -45.9368 -42.3619 -19.3603
-12.6273 -17.9358 -17.7282 -17.5309 -11.1252 -41.4308 -66.7884 -56.4648 -50.1415 -26.9213 -31.2196 -66.7688 -70.577 -70.0146 -38.355 -16.8291 -44.6003 -45.9809 -42.4029 -19.3724
-12.6594 -17.9478 -17.7404 -17.5446 -11.1224 -41.3971 -66.8216 -56.5031 -50.182 -26.9464 -31.2062 -66.8042 -70.6348 -70.0684 -38.3293 -16.8682 -44.6397 -46.0249 -42.4439 -19.3845
-12.6916 -17.9599 -17.7527 -17.5583 -11.1197 -41.3633 -66.8549 -56.5414 -50.2225 -26.9715 -31.1928 -66.8395 -70.6925 -70.1221 -38.3036 -16.9074 -44.679 -46.0689 -42.4849 -19.3966
-12.7238 -17.972 -17.7649 -17.5721 -11.1169 -41.3296 -66.8881 -56.5797 -50.263 -26.9967 -31.1793 -66.8748 -70.7503 -70.1758 -38.2779 -16.9465 -44.7184 -46.113 -42.5258 -19.4087
-12.756 -17.984 -17.7771 -17.5858 -11.1141 -41.2958 -66.9213 -56.618 -50.3035 -27.0218 -31.1659 -66.9101 -70.8081 -70.2295 -38.2521 -16.9856 -44.7577 -46.157 -42.5668 -19.4208
-12.7882 -17.9961 -17.7894 -17.5995 -11.1113 -41.262 -66.9545 -56.6563 -50.344 -27.0469 -31.1524 -66.9454 -70.8659 -70.2831 -38.2264 -17.0248 -44.7971 -46.201 -42.6078 -19.4328
-12.8204 -18.0082 -17.8016 -17.6132 -11.1085 -41.2283 -66.9878 -56.6946 -50.3845 -27.0721 -31.139 -66.9808 -70.9237 -70.3368 -38.2007 -17.0639 -44.8364 -46.245 -42.6487 -19.4449
-12.8525 -18.0202 -17.8139 -17.627 -11.1057 -41.1945 -67.021 -56.7329 -50.4251 -27.0972 -31.1256 -67.0161 -70.9815 -70.3905 -38.1749 -17.103 -44.8757 -46.289 -42.6897 -19.457
-12.8847 -18.0323 -17.8261 -17.6407 -11.1029 -41.1608 -67.0542 -56.7712 -50.4656 -27.1223 -31.1121 -67.0514 -71.0393 -70.4442 -38.1492 -17.1422 -44.9151 -46.333 -42.7307 -19.4691
-12.9169 -18.0444 -17.8383 -17.6544 -11.1001 -41.127 -67.0874 -56.8095 -50.5061 -27.1474 -31.0987 -67.0867 -71.0971 -70.4979 -38.1235 -17.1813 -44.9544 -46.377 -42.7716 -19.4812
-12.9491 -18.0564 -17.8506 -17.6682 -11.0972 -41.0933 -67.1207 -56.8478 -50.5466 -27.1725 -31.0853 -67.122 -71.1548 -70.5516 -38.0977 -17.2205 -44.9938 -46.4211 -42.8126 -19.4932
-12.9813 -18.0685 -17.8628 -17.6819 -11.0944 -41.0595 -67.1539 -56.8861 -50.5871 -27.1976 -31.0718 -67.1573 -71.2126 -70.6053 -38.072 -17.2596 -45.0331 -46.465 -42.8535 -19.5053
-13.0134 -18.0806 -17.875 -17.6956 -11.0916 -41.0258 -67.1871 -56.9243 -50.6275 -27.2227 -31.0584 -67.1926 -71.2703 -70.6589 -38.0463 -17.2987 -45.0724 -46.509 -42.8945 -19.5174
-13.0456 -18.0926 -17.8872 -17.7093 -11.0888 -40.9921 -67.2203 -56.9626 -50.668 -27.2478 -31.045 -67.2279 -71.328 -70.7126 -38.0206 -17.3378 -45.1117 -46.553 -42.9354 -19.5294
-13.0777 -18.1047 -17.8995 -17.723 -11.086 -40.9584 -67.2535 -57.0009 -50.7085 -27.2729 -31.0315 -67.2632 -71.3858 -70.7662 -37.9948 -17.3769 -45.151 -46.597 -42.9763 -19.5415
-13.1099 -18.1168 -17.9117 -17.7367 -11.0832 -40.9247 -67.2867 -57.0391 -50.7489 -27.298 -31.0181 -67.2985 -71.4435 -70.8199 -37.9691 -17.416 -45.1903 -46.6409 -43.0172 -19.5536
-13.142 -18.1288 -17.9239 -17.7504 -11.0804 -40.891 -67.3199 -57.0774 -50.7894 -27.3231 -31.0047 -67.3338 -71.5012 -70.8735 -37.9434 -17.4551 -45.2296 -46.6849 -43.0581 -19.5656
-13.1742 -18.1409 -17.9361 -17.7642 -11.0776 -40.8572 -67.353 -57.1157 -50.8299 -27.3482 -30.9912 -67.3691 -71.5589 -70.9271 -37.9176 -17.4942 -45.2689 -46.7289 -43.0991 -19.5777
-13.2075 -18.1533 -17.9486 -17.7783 -11.0747 -40.8242 -67.3869 -57.1544 -50.8716 -27.3742 -30.98 -67.3984 -71.6031 -70.9835 -37.8948 -17.5347 -45.3093 -46.7737 -43.1414 -19.5902
-13.2412 -18.1658 -17.9613 -17.7925 -11.0719 -40.7912 -67.4211 -57.1934 -50.9138 -27.4006 -30.9693 -67.4256 -71.6424 -71.0408 -37.8727 -17.5758 -45.35 -46.819 -43.1842 -19.6029
-13.2609 -18.1737 -17.9691 -17.8014 -11.07 -40.7611 -67.4453 -57.2178 -50.9402 -27.4164 -30.9509 -67.4397 -71.6673 -71.077 -37.84 -17.601 -45.3753 -46.8475 -43.211 -19.6104
-13.2796 -18.1813 -17.9766 -17.8098 -11.0683 -40.7316 -67.4683 -57.241 -50.9653 -27.4314 -30.9322 -67.453 -71.6912 -71.1116 -37.8069 -17.625 -45.3995 -46.8748 -43.2366 -19.6176
-13.2846 -18.184 -17.9793 -17.8128 -11.0676 -40.7077 -67.4768 -57.2496 -50.9746 -27.4362 -30.9089 -67.4568 -71.7007 -71.1253 -37.7673 -17.6333 -45.4086 -46.8852 -43.2462 -19.6198
-13.2846 -18.1847 -17.98 -17.8134 -11.0675 -40.679 -67.4791 -57.2519 -50.9771 -27.4369 -30.8853 -67.4568 -71.7042 -71.1297 -37.727 -17.6351 -45.4112 -46.8885 -43.249 -19.6201
-13.2785 -18.1762 -17.9717 -17.8051 -11.063 -40.6503 -67.4467 -57.2269 -50.9554 -27.426 -30.8707 -67.4216 -71.6703 -71.0931 -37.7003 -17.6282 -45.3914 -46.8679 -43.2279 -19.6124
-13.269 -18.1618 -17.9562 -17.7912 -11.0558 -40.6146 -67.3848 -57.1807 -50.9175 -27.4081 -30.8536 -67.3543 -71.6049 -71.0225 -37.6714 -17.6183 -45.3526 -46.8317 -43.1869 -19.6
-13.2577 -18.1446 -17.9378 -17.7747 -11.0472 -40.5726 -67.3131 -57.1263 -50.8726 -27.3867 -30.833 -67.273 -71.5253 -70.9367 -37.6385 -17.6064 -45.3052 -46.7895 -43.1368 -19.5858
-13.2437 -18.1233 -17.9152 -17.7541 -11.0362 -40.5204 -67.2254 -57.0592 -50.8169 -27.3598 -30.8062 -67.1722 -71.4287 -70.8309 -37.5981 -17.5911 -45.246 -46.7367 -43.0743 -19.5679
-13.228 -18.0994 -17.8902 -17.7312 -11.0239 -40.4627 -67.1287 -56.9845 -50.7548 -27.3299 -30.7758 -67.0626 -71.3216 -70.7156 -37.5537 -17.5737 -45.1816 -46.6731 -43.0066 -19.5477
-13.2095 -18.071 -17.8606 -17.7039 -11.0092 -40.3949 -67.0155 -56.8961 -50.6813 -27.2945 -30.7392 -66.9372 -71.1955 -70.5829 -37.5022 -17.5525 -45.108 -46.59 -42.9293 -19.5233
-13.1873 -18.037 -17.8256 -17.6711 -10.9917 -40.3137 -66.8807 -56.7906 -50.5933 -27.2522 -30.6935 -66.7896 -71.0455 -70.426 -37.4404 -17.5243 -45.0218 -46.4908 -42.8381 -19.4935
-13.1617 -17.9976 -17.7854 -17.6331 -10.9715 -40.2196 -66.7253 -56.6687 -50.4915 -27.2031 -30.6383 -66.6214 -70.8729 -70.2462 -37.3691 -17.4881 -44.9244 -46.3763 -42.7339 -19.4585
-13.1346 -17.956 -17.7432 -17.5929 -10.9501 -40.1203 -66.5614 -56.5401 -50.384 -27.1513 -30.5797 -66.4442 -70.6909 -70.0567 -37.2937 -17.4496 -44.8219 -46.2558 -42.6241 -19.4214
-13.1056 -17.9117 -17.6983 -17.5501 -10.9273 -40.0143 -66.3869 -56.4032 -50.2694 -27.096 -30.5169 -66.2557 -70.4971 -69.8551 -37.2131 -17.4085 -44.713 -46.1278 -42.5074 -19.3816
-13.0749 -17.8653 -17.6513 -17.5051 -10.9034 -39.9027 -66.2038 -56.2595 -50.149 -27.0379 -30.4507 -66.0581 -70.2937 -69.6437 -37.1284 -17.3655 -44.5988 -45.9936 -42.3852 -19.3396
-13.0443 -17.8188 -17.6043 -17.4601 -10.8795 -39.7911 -66.0206 -56.1158 -50.0286 -26.9798 -30.3845 -65.8606 -70.0903 -69.4323 -37.0436 -17.3224 -44.4846 -45.8595 -42.263 -19.2976
-13.0136 -17.7724 -17.5573 -17.4152 -10.8555 -39.6794 -65.8374 -55.9721 -49.9082 -26.9217 -30.3183 -65.663 -69.887 -69.2209 -36.9589 -17.2794 -44.3704 -45.7254 -42.1408 -19.2557
-12.9829 -17.7259 -17.5103 -17.3702 -10.8316 -39.5678 -65.6543 -55.8283 -49.7879 -26.8636 -30.252 -65.4654 -69.6836 -69.0094 -36.8741 -17.2364 -44.2562 -45.5913 -42.0185 -19.2137
-12.9506 -17.6768 -17.461 -17.3228 -10.8064 -39.4502 -65.4612 -55.6771 -49.661 -26.8023 -30.1821 -65.2576 -69.4695 -68.7871 -36.7847 -17.1912 -44.1361 -45.4504 -41.8901 -19.1692
-12.9124 -17.6146 -17.4032 -17.2645 -10.7767 -39.3104 -65.2268 -55.4967 -49.5076 -26.7291 -30.0976 -65.0096 -69.2141 -68.5216 -36.6774 -17.1375 -43.9929 -45.2827 -41.7374 -19.1152
-12.8694 -17.5447 -17.3387 -17.198 -10.7438 -39.1532 -64.9636 -55.2944 -49.3344 -26.6471 -30.0022 -64.7316 -68.9277 -68.2239 -36.5559 -17.0775 -43.8327 -45.0951 -41.5678 -19.0519
-12.8243 -17.4715 -17.2711 -17.1284 -10.7092 -38.9886 -64.688 -55.0821 -49.1528 -26.561 -29.9024 -64.4411 -68.6281 -67.913 -36.4271 -17.0148 -43.6653 -44.8988 -41.3923 -18.9802
-12.7792 -17.3983 -17.2034 -17.0587 -10.6746 -38.8239 -64.4125 -54.8698 -48.9712 -26.4748 -29.8025 -64.1506 -68.3286 -67.6021 -36.2982 -16.9521 -43.4979 -44.7024 -41.2169 -18.9085
-12.7321 -17.3222 -17.133 -16.9862 -10.6385 -38.6523 -64.1256 -54.6487 -48.782 -26.385 -29.6982 -63.8479 -68.0164 -67.2783 -36.1637 -16.8868 -43.3237 -44.4981 -41.0346 -18.8335
-12.6844 -17.2449 -17.0616 -16.9126 -10.6018 -38.4779 -63.8342 -54.4241 -48.5899 -26.2937 -29.5922 -63.5404 -67.6993 -66.9494 -36.0269 -16.8206 -43.1467 -44.2906 -40.8495 -18.7571
-12.6363 -17.1672 -16.9896 -16.8384 -10.5649 -38.3024 -63.5411 -54.1981 -48.3961 -26.202 -29.4854 -63.231 -67.3802 -66.6182 -35.8892 -16.7539 -42.9688 -44.0818 -40.6632 -18.6802
-12.5794 -17.0758 -16.9051 -16.7498 -10.5218 -38.0953 -63.1958 -53.9326 -48.1581 -26.0957 -29.3586 -62.8664 -67.0042 -66.2247 -35.7273 -16.6756 -42.7593 -43.8363 -40.444 -18.5901
-12.5188 -16.9785 -16.8151 -16.6555 -10.4757 -37.8742 -62.8278 -53.6494 -47.9048 -25.9821 -29.223 -62.4776 -66.6033 -65.8038 -35.5545 -16.5922 -42.5363 -43.5749 -40.2106 -18.4943
-12.447 -16.8641 -16.7088 -16.5449 -10.4195 -37.6135 -62.3947 -53.314 -47.6087 -25.8368 -29.0623 -62.0185 -66.1312 -65.2999 -35.3489 -16.4939 -42.2733 -43.267 -39.9352 -18.3816
-12.3546 -16.7178 -16.5724 -16.4033 -10.3471 -37.2784 -61.8392 -52.882 -47.2294 -25.6509 -28.8553 -61.4242 -65.5226 -64.6355 -35.0867 -16.3684 -41.9366 -42.8734 -39.5821 -18.2383
-12.246 -16.546 -16.4118 -16.237 -10.262 -36.886 -61.1872 -52.3715 -46.785 -25.4336 -28.6145 -60.7076 -64.7828 -63.8658 -34.7813 -16.2217 -41.5409 -42.4107 -39.1695 -18.071
-12.1304 -16.3631 -16.2408 -16.0607 -10.1682 -36.4682 -60.4915 -51.8279 -46.3128 -25.2004 -28.3575 -59.9456 -63.9961 -63.0475 -34.4552 -16.0655 -41.1196 -41.9181 -38.7303 -17.8928
-12.0051 -16.1641 -16.0556 -15.8699 -10.0651 -36.0163 -59.7258 -51.239 -45.8013 -24.947 -28.0782 -59.1191 -63.1447 -62.1619 -34.1011 -15.8961 -40.6627 -41.3839 -38.254 -17.6995
-11.8762 -15.9584 -15.8649 -15.6734 -9.95906 -35.5524 -58.9271 -50.6329 -45.2743 -24.6865 -27.7907 -58.2672 -62.2689 -61.2506 -33.7367 -15.7216 -40.1916 -40.8333 -37.7632 -17.5003
-11.7473 -15.7527 -15.6742 -15.4768 -9.85301 -35.0884 -58.1283 -50.0269 -44.7473 -24.4258 -27.5033 -57.4153 -61.3931 -60.3392 -33.3722 -15.5471 -39.7205 -40.2828 -37.2724 -17.3011
-11.6085 -15.5319 -15.4679 -15.2658 -9.73905 -34.5887 -57.2729 -49.3645 -44.1823 -24.1457 -27.1933 -56.5011 -60.4492 -59.3608 -32.9797 -15.3595 -39.2139 -39.6904 -36.7446 -17.0868
-11.4647 -15.3041 -15.2543 -15.0479 -9.62134 -34.0718 -56.3903 -48.6775 -43.5991 -23.8563 -26.8727 -55.5572 -59.4735 -58.3507 -32.5739 -15.1657 -38.6906 -39.0785 -36.1994 -16.8653
-11.3107 -15.0652 -15.0296 -14.8186 -9.49775 -33.5227 -55.465 -47.9545 -42.9857 -23.5526 -26.5134 -54.5705 -58.4497 -57.2905 -32.148 -14.9604 -38.1409 -38.4349 -35.6261 -16.6326
-11.1443 -14.8077 -14.7871 -14.5712 -9.36454 -32.9277 -54.4683 -47.1745 -42.3239 -23.2254 -26.1055 -53.5109 -57.3466 -56.1484 -31.6883 -14.7378 -37.5487 -37.7407 -35.008 -16.3816
-10.9767 -14.5482 -14.5428 -14.322 -9.23029 -32.3282 -53.4641 -46.3886 -41.6571 -22.8957 -25.6941 -52.4433 -56.2352 -54.9976 -31.225 -14.5136 -36.952 -37.0414 -34.3853 -16.1287
-10.8092 -14.2888 -14.2984 -14.0727 -9.09598 -31.7287 -52.4599 -45.6027 -40.9904 -22.5659 -25.2829 -51.3758 -55.1238 -53.8469 -30.7616 -14.2894 -36.3554 -36.342 -33.7625 -15.8757
-10.6417 -14.0293 -14.0541 -13.8235 -8.96162 -31.1293 -51.4557 -44.8168 -40.3237 -22.236 -24.8717 -50.3083 -54.0125 -52.6963 -30.2983 -14.0653 -35.7587 -35.6427 -33.1398 -15.6227
-10.4742 -13.7699 -13.8098 -13.5742 -8.82721 -30.5299 -50.4516 -44.031 -39.657 -21.9061 -24.4605 -49.2409 -52.9011 -51.5456 -29.8348 -13.8412 -35.1621 -34.9434 -32.5171 -15.3696
-10.3068 -13.5104 -13.5654 -13.325 -8.69274 -29.9307 -49.4475 -43.2451 -38.9903 -21.5761 -24.0494 -48.1734 -51.7898 -50.395 -29.3713 -13.6173 -34.5655 -34.2442 -31.8944 -15.1164
-10.1395 -13.251 -13.3211 -13.0757 -8.55823 -29.3315 -48.4434 -42.4593 -38.3236 -21.246 -23.6384 -47.106 -50.6785 -49.2443 -28.9078 -13.3933 -33.969 -33.5449 -31.2716 -14.8632
-9.9722 -12.9916 -13.0768 -12.8265 -8.42366 -28.7323 -47.4394 -41.6735 -37.6569 -20.9159 -23.2274 -46.0386 -49.5673 -48.0937 -28.4442 -13.1695 -33.3724 -32.8457 -30.6489 -14.6099
-9.80495 -12.7322 -12.8324 -12.5773 -8.28903 -28.1333 -46.4353 -40.8876 -36.9903 -20.5858 -22.8165 -44.9713 -48.456 -46.9432 -27.9806 -12.9457 -32.7759 -32.1465 -30.0262 -14.3566
-9.63776 -12.4728 -12.5881 -12.3281 -8.15435 -27.5343 -45.4313 -40.1018 -36.3236 -20.2555 -22.4056 -43.904 -47.3448 -45.7926 -27.517 -12.722 -32.1793 -31.4473 -29.4035 -14.1032
-9.47062 -12.2134 -12.3438 -12.0789 -8.01963 -26.9354 -44.4273 -39.3161 -35.657 -19.9252 -21.9948 -42.8367 -46.2336 -44.642 -27.0533 -12.4983 -31.5828 -30.7481 -28.7808 -13.8497
-9.30353 -11.9541 -12.0994 -11.8297 -7.88485 -26.3365 -43.4233 -38.5303 -34.9904 -19.5948 -21.5841 -41.7694 -45.1224 -43.4915 -26.5895 -12.2748 -30.9863 -30.0489 -28.1581 -13.5962
-9.13649 -11.6947 -11.8551 -11.5805 -7.75001 -25.7377 -42.4194 -37.7445 -34.3238 -19.2644 -21.1734 -40.7022 -44.0113 -42.341 -26.1257 -12.0512 -30.3898 -29.3498 -27.5354 -13.3427
-8.9695 -11.4353 -11.6108 -11.3313 -7.61512 -25.139 -41.4155 -36.9588 -33.6572 -18.9339 -20.7628 -39.635 -42.9001 -41.1905 -25.6619 -11.8278 -29.7934 -28.6507 -26.9127 -13.089
-8.80256 -11.176 -11.3664 -11.0821 -7.48018 -24.5404 -40.4116 -36.173 -32.9907 -18.6034 -20.3522 -38.5678 -41.789 -40.0401 -25.198 -11.6044 -29.1969 -27.9516 -26.29 -12.8353
-8.63567 -10.9166 -11.1221 -10.833 -7.34519 -23.9418 -39.4077 -35.3873 -32.3241 -18.2727 -19.9417 -37.5006 -40.6779 -38.8896 -24.7341 -11.3811 -28.6005 -27.2525 -25.6673 -12.5816
-8.46883 -10.6573 -10.8777 -10.5838 -7.21014 -23.3433 -38.4038 -34.6016 -31.6575 -17.9421 -19.5312 -36.4335 -39.5668 -37.7392 -24.2702 -11.1578 -28.0041 -26.5535 -25.0446 -12.3278
-8.30204 -10.398 -10.6334 -10.3346 -7.07504 -22.7448 -37.4 -33.8159 -30.991 -17.6113 -19.1208 -35.3664 -38.4558 -36.5888 -23.8062 -10.9347 -27.4077 -25.8545 -24.4219 -12.0739
-8.13526 -10.1386 -10.389 -10.0854 -6.93985 -22.1463 -36.396 -33.03 -30.3244 -17.2804 -18.7103 -34.2991 -37.3445 -35.4382 -23.342 -10.7115 -26.8111 -25.1553 -23.7991 -11.8199
-7.96854 -9.87929 -10.1447 -9.83624 -6.80461 -21.5479 -35.392 -32.2442 -29.6577 -16.9495 -18.3 -33.2318 -36.2333 -34.2876 -22.8778 -10.4884 -26.2146 -24.4562 -23.1763 -11.5659
-7.79522 -9.60953 -9.89035 -9.57696 -6.6638 -20.9263 -34.3493 -31.4264 -28.9646 -16.6038 -17.8749 -32.1246 -35.0801 -33.0969 -22.3668 -10.2566 -25.5945 -23.7293 -22.5297 -11.3
-7.61837 -9.33422 -9.63079 -9.31234 -6.52003 -20.2917 -33.2851 -30.5917 -28.2573 -16.2508 -17.4415 -30.9946 -33.9032 -31.8821 -21.8419 -10.0201 -24.9616 -22.9876 -21.8698 -11.0285
-7.43679 -9.05155 -9.36424 -9.04061 -6.37236 -19.6397 -32.1924 -29.7347 -27.531 -15.8881 -16.9967 -29.8341 -32.6947 -30.6349 -21.3013 -9.77738 -24.3117 -22.2258 -21.1922 -10.7494
-7.25527 -8.76888 -9.0977 -8.7689 -6.22462 -18.9879 -31.0997 -28.8776 -26.8048 -15.5254 -16.552 -28.6737 -31.4861 -29.3876 -20.7607 -9.53474 -23.6618 -21.4641 -20.5146 -10.4703
-7.07381 -8.48622 -8.83116 -8.49719 -6.07682 -18.3361 -30.007 -28.0206 -26.0785 -15.1626 -16.1073 -27.5133 -30.2776 -28.1404 -20.22 -9.29218 -23.012 -20.7025 -19.8371 -10.1911
-6.89241 -8.20358 -8.56461 -8.22549 -5.92896 -17.6844 -28.9144 -27.1637 -25.3523 -14.7997 -15.6628 -26.3529 -29.0691 -26.8932 -19.6792 -9.04969 -22.3622 -19.9408 -19.1595 -9.9119
-6.71107 -7.92094 -8.29807 -7.95379 -5.78104 -17.0328 -27.8217 -26.3067 -24.6261 -14.4367 -15.2183 -25.1925 -27.8606 -25.646 -19.1384 -8.80729 -21.7123 -19.1792 -18.4819 -9.63258
-6.52979 -7.63833 -8.03153 -7.68212 -5.63306 -16.3813 -26.7291 -25.4497 -23.8999 -14.0737 -14.7738 -24.0322 -26.6521 -24.3988 -18.5975 -8.56496 -21.0625 -18.4176 -17.8044 -9.35319
-6.3482 -7.35439 -7.77272 -7.41132 -5.48454 -15.7287 -25.634 -24.5935 -23.1726 -13.7098 -14.3289 -22.8704 -25.4423 -23.15 -18.0558 -8.32251 -20.4122 -17.6554 -17.1263 -9.0735
-6.16623 -7.06989 -7.51266 -7.14896 -5.33758 -15.075 -24.537 -23.7352 -22.4467 -13.3455 -13.8835 -21.707 -24.2308 -21.8999 -17.5135 -8.07996 -19.7614 -16.8927 -16.4477 -8.79353
-5.98432 -6.78539 -7.25259 -6.8866 -5.19055 -14.4214 -23.4399 -22.8769 -21.7208 -12.981 -13.4381 -20.5437 -23.0194 -20.6499 -16.9711 -7.83749 -19.1106 -16.13 -15.7691 -8.5135
-5.80246 -6.50091 -6.99253 -6.62425 -5.04346 -13.7678 -22.3429 -22.0185 -20.9948 -12.6165 -12.9928 -19.3804 -21.808 -19.3998 -16.4286 -7.5951 -18.4599 -15.3673 -15.0905 -8.23339
-5.62062 -6.21638 -6.73239 -6.36184 -4.89627 -13.1142 -21.2457 -21.16 -20.2687 -12.2518 -12.5475 -18.2169 -20.5963 -18.1494 -15.8859 -7.35273 -17.8089 -14.6044 -14.4117 -7.95314
-5.43884 -5.93184 -6.47225 -6.09943 -4.74902 -12.4607 -20.1485 -20.3015 -19.5427 -11.887 -12.1022 -17.0534 -19.3846 -16.8991 -15.3432 -7.11043 -17.158 -13.8415 -13.7329 -7.67282
-5.25711 -5.64732 -6.21211 -5.83703 -4.60171 -11.8072 -19.0513 -19.443 -18.8166 -11.5222 -11.657 -15.8899 -18.173 -15.6488 -14.8004 -6.86822 -16.5072 -13.0787 -13.0542 -7.39242
-5.07052 -5.35727 -5.94487 -5.56928 -4.4515 -11.1273 -17.9384 -18.5392 -18.0772 -11.1504 -11.2031 -14.7068 -16.9386 -14.3737 -14.2496 -6.62107 -15.8426 -12.3035 -12.3304 -7.10886
-4.88123 -5.06442 -5.67039 -5.29884 -4.29989 -10.4357 -16.8275 -17.5553 -17.3353 -10.7759 -10.7496 -13.5229 -15.7009 -13.0908 -13.7027 -6.37488 -15.1462 -11.5369 -11.5142 -6.83142
-4.69126 -4.77027 -5.39484 -5.02478 -4.14841 -9.74843 -15.7216 -16.5695 -16.5615 -10.4059 -10.3061 -12.3555 -14.4781 -11.8263 -13.1696 -6.13812 -14.3871 -10.6689 -10.713 -6.55948
-4.50212 -4.4768 -5.12064 -4.74671 -3.99837 -9.06497 -14.6201 -15.5913 -15.7293 -10.0427 -9.86471 -11.1927 -13.2602 -10.5603 -12.6401 -5.90146 -13.6267 -9.79564 -9.91034 -6.28771
-4.31318 -4.18343 -4.84703 -4.46187 -3.84895 -8.38222 -13.5195 -14.6132 -14.8945 -9.68001 -9.42357 -10.0304 -12.0429 -9.29453 -12.111 -5.6648 -12.8658 -8.92194 -9.10723 -6.01577
-4.12471 -3.89028 -4.57519 -4.15492 -3.70163 -7.70157 -12.4215 -13.6352 -14.0513 -9.31925 -8.98318 -8.86949 -10.8269 -8.02903 -11.5831 -5.42785 -12.1033 -8.04632 -8.30229 -5.74342
-3.93659 -3.59685 -4.30323 -3.84359 -3.55392 -7.017 -11.3177 -12.6513 -13.202 -8.9562 -8.53576 -7.69026 -9.58934 -6.74448 -11.0459 -5.18498 -11.3282 -7.32294 -7.48499 -5.4635
